        -:    0:Source:/usr/local/include/gtest/internal/gtest-port.h
        -:    0:Graph:../Debug/src/complex.gcno
        -:    0:Data:../Debug/src/complex.gcda
        -:    0:Runs:1
        -:    0:Programs:1
        -:    1:// Copyright 2005, Google Inc.
        -:    2:// All rights reserved.
        -:    3://
        -:    4:// Redistribution and use in source and binary forms, with or without
        -:    5:// modification, are permitted provided that the following conditions are
        -:    6:// met:
        -:    7://
        -:    8://     * Redistributions of source code must retain the above copyright
        -:    9:// notice, this list of conditions and the following disclaimer.
        -:   10://     * Redistributions in binary form must reproduce the above
        -:   11:// copyright notice, this list of conditions and the following disclaimer
        -:   12:// in the documentation and/or other materials provided with the
        -:   13:// distribution.
        -:   14://     * Neither the name of Google Inc. nor the names of its
        -:   15:// contributors may be used to endorse or promote products derived from
        -:   16:// this software without specific prior written permission.
        -:   17://
        -:   18:// THIS SOFTWARE IS PROVIDED BY THE COPYRIGHT HOLDERS AND CONTRIBUTORS
        -:   19:// "AS IS" AND ANY EXPRESS OR IMPLIED WARRANTIES, INCLUDING, BUT NOT
        -:   20:// LIMITED TO, THE IMPLIED WARRANTIES OF MERCHANTABILITY AND FITNESS FOR
        -:   21:// A PARTICULAR PURPOSE ARE DISCLAIMED. IN NO EVENT SHALL THE COPYRIGHT
        -:   22:// OWNER OR CONTRIBUTORS BE LIABLE FOR ANY DIRECT, INDIRECT, INCIDENTAL,
        -:   23:// SPECIAL, EXEMPLARY, OR CONSEQUENTIAL DAMAGES (INCLUDING, BUT NOT
        -:   24:// LIMITED TO, PROCUREMENT OF SUBSTITUTE GOODS OR SERVICES; LOSS OF USE,
        -:   25:// DATA, OR PROFITS; OR BUSINESS INTERRUPTION) HOWEVER CAUSED AND ON ANY
        -:   26:// THEORY OF LIABILITY, WHETHER IN CONTRACT, STRICT LIABILITY, OR TORT
        -:   27:// (INCLUDING NEGLIGENCE OR OTHERWISE) ARISING IN ANY WAY OUT OF THE USE
        -:   28:// OF THIS SOFTWARE, EVEN IF ADVISED OF THE POSSIBILITY OF SUCH DAMAGE.
        -:   29://
        -:   30:// Low-level types and utilities for porting Google Test to various
        -:   31:// platforms.  All macros ending with _ and symbols defined in an
        -:   32:// internal namespace are subject to change without notice.  Code
        -:   33:// outside Google Test MUST NOT USE THEM DIRECTLY.  Macros that don't
        -:   34:// end with _ are part of Google Test's public API and can be used by
        -:   35:// code outside Google Test.
        -:   36://
        -:   37:// This file is fundamental to Google Test.  All other Google Test source
        -:   38:// files are expected to #include this.  Therefore, it cannot #include
        -:   39:// any other Google Test header.
        -:   40:
        -:   41:// GOOGLETEST_CM0001 DO NOT DELETE
        -:   42:
        -:   43:#ifndef GTEST_INCLUDE_GTEST_INTERNAL_GTEST_PORT_H_
        -:   44:#define GTEST_INCLUDE_GTEST_INTERNAL_GTEST_PORT_H_
        -:   45:
        -:   46:// Environment-describing macros
        -:   47:// -----------------------------
        -:   48://
        -:   49:// Google Test can be used in many different environments.  Macros in
        -:   50:// this section tell Google Test what kind of environment it is being
        -:   51:// used in, such that Google Test can provide environment-specific
        -:   52:// features and implementations.
        -:   53://
        -:   54:// Google Test tries to automatically detect the properties of its
        -:   55:// environment, so users usually don't need to worry about these
        -:   56:// macros.  However, the automatic detection is not perfect.
        -:   57:// Sometimes it's necessary for a user to define some of the following
        -:   58:// macros in the build script to override Google Test's decisions.
        -:   59://
        -:   60:// If the user doesn't define a macro in the list, Google Test will
        -:   61:// provide a default definition.  After this header is #included, all
        -:   62:// macros in this list will be defined to either 1 or 0.
        -:   63://
        -:   64:// Notes to maintainers:
        -:   65://   - Each macro here is a user-tweakable knob; do not grow the list
        -:   66://     lightly.
        -:   67://   - Use #if to key off these macros.  Don't use #ifdef or "#if
        -:   68://     defined(...)", which will not work as these macros are ALWAYS
        -:   69://     defined.
        -:   70://
        -:   71://   GTEST_HAS_CLONE          - Define it to 1/0 to indicate that clone(2)
        -:   72://                              is/isn't available.
        -:   73://   GTEST_HAS_EXCEPTIONS     - Define it to 1/0 to indicate that exceptions
        -:   74://                              are enabled.
        -:   75://   GTEST_HAS_POSIX_RE       - Define it to 1/0 to indicate that POSIX regular
        -:   76://                              expressions are/aren't available.
        -:   77://   GTEST_HAS_PTHREAD        - Define it to 1/0 to indicate that <pthread.h>
        -:   78://                              is/isn't available.
        -:   79://   GTEST_HAS_RTTI           - Define it to 1/0 to indicate that RTTI is/isn't
        -:   80://                              enabled.
        -:   81://   GTEST_HAS_STD_WSTRING    - Define it to 1/0 to indicate that
        -:   82://                              std::wstring does/doesn't work (Google Test can
        -:   83://                              be used where std::wstring is unavailable).
        -:   84://   GTEST_HAS_SEH            - Define it to 1/0 to indicate whether the
        -:   85://                              compiler supports Microsoft's "Structured
        -:   86://                              Exception Handling".
        -:   87://   GTEST_HAS_STREAM_REDIRECTION
        -:   88://                            - Define it to 1/0 to indicate whether the
        -:   89://                              platform supports I/O stream redirection using
        -:   90://                              dup() and dup2().
        -:   91://   GTEST_LINKED_AS_SHARED_LIBRARY
        -:   92://                            - Define to 1 when compiling tests that use
        -:   93://                              Google Test as a shared library (known as
        -:   94://                              DLL on Windows).
        -:   95://   GTEST_CREATE_SHARED_LIBRARY
        -:   96://                            - Define to 1 when compiling Google Test itself
        -:   97://                              as a shared library.
        -:   98://   GTEST_DEFAULT_DEATH_TEST_STYLE
        -:   99://                            - The default value of --gtest_death_test_style.
        -:  100://                              The legacy default has been "fast" in the open
        -:  101://                              source version since 2008. The recommended value
        -:  102://                              is "threadsafe", and can be set in
        -:  103://                              custom/gtest-port.h.
        -:  104:
        -:  105:// Platform-indicating macros
        -:  106:// --------------------------
        -:  107://
        -:  108:// Macros indicating the platform on which Google Test is being used
        -:  109:// (a macro is defined to 1 if compiled on the given platform;
        -:  110:// otherwise UNDEFINED -- it's never defined to 0.).  Google Test
        -:  111:// defines these macros automatically.  Code outside Google Test MUST
        -:  112:// NOT define them.
        -:  113://
        -:  114://   GTEST_OS_AIX      - IBM AIX
        -:  115://   GTEST_OS_CYGWIN   - Cygwin
        -:  116://   GTEST_OS_DRAGONFLY - DragonFlyBSD
        -:  117://   GTEST_OS_FREEBSD  - FreeBSD
        -:  118://   GTEST_OS_FUCHSIA  - Fuchsia
        -:  119://   GTEST_OS_GNU_KFREEBSD - GNU/kFreeBSD
        -:  120://   GTEST_OS_HAIKU    - Haiku
        -:  121://   GTEST_OS_HPUX     - HP-UX
        -:  122://   GTEST_OS_LINUX    - Linux
        -:  123://     GTEST_OS_LINUX_ANDROID - Google Android
        -:  124://   GTEST_OS_MAC      - Mac OS X
        -:  125://     GTEST_OS_IOS    - iOS
        -:  126://   GTEST_OS_NACL     - Google Native Client (NaCl)
        -:  127://   GTEST_OS_NETBSD   - NetBSD
        -:  128://   GTEST_OS_OPENBSD  - OpenBSD
        -:  129://   GTEST_OS_OS2      - OS/2
        -:  130://   GTEST_OS_QNX      - QNX
        -:  131://   GTEST_OS_SOLARIS  - Sun Solaris
        -:  132://   GTEST_OS_WINDOWS  - Windows (Desktop, MinGW, or Mobile)
        -:  133://     GTEST_OS_WINDOWS_DESKTOP  - Windows Desktop
        -:  134://     GTEST_OS_WINDOWS_MINGW    - MinGW
        -:  135://     GTEST_OS_WINDOWS_MOBILE   - Windows Mobile
        -:  136://     GTEST_OS_WINDOWS_PHONE    - Windows Phone
        -:  137://     GTEST_OS_WINDOWS_RT       - Windows Store App/WinRT
        -:  138://   GTEST_OS_ZOS      - z/OS
        -:  139://
        -:  140:// Among the platforms, Cygwin, Linux, Mac OS X, and Windows have the
        -:  141:// most stable support.  Since core members of the Google Test project
        -:  142:// don't have access to other platforms, support for them may be less
        -:  143:// stable.  If you notice any problems on your platform, please notify
        -:  144:// googletestframework@googlegroups.com (patches for fixing them are
        -:  145:// even more welcome!).
        -:  146://
        -:  147:// It is possible that none of the GTEST_OS_* macros are defined.
        -:  148:
        -:  149:// Feature-indicating macros
        -:  150:// -------------------------
        -:  151://
        -:  152:// Macros indicating which Google Test features are available (a macro
        -:  153:// is defined to 1 if the corresponding feature is supported;
        -:  154:// otherwise UNDEFINED -- it's never defined to 0.).  Google Test
        -:  155:// defines these macros automatically.  Code outside Google Test MUST
        -:  156:// NOT define them.
        -:  157://
        -:  158:// These macros are public so that portable tests can be written.
        -:  159:// Such tests typically surround code using a feature with an #if
        -:  160:// which controls that code.  For example:
        -:  161://
        -:  162:// #if GTEST_HAS_DEATH_TEST
        -:  163://   EXPECT_DEATH(DoSomethingDeadly());
        -:  164:// #endif
        -:  165://
        -:  166://   GTEST_HAS_DEATH_TEST   - death tests
        -:  167://   GTEST_HAS_TYPED_TEST   - typed tests
        -:  168://   GTEST_HAS_TYPED_TEST_P - type-parameterized tests
        -:  169://   GTEST_IS_THREADSAFE    - Google Test is thread-safe.
        -:  170://   GOOGLETEST_CM0007 DO NOT DELETE
        -:  171://   GTEST_USES_POSIX_RE    - enhanced POSIX regex is used. Do not confuse with
        -:  172://                            GTEST_HAS_POSIX_RE (see above) which users can
        -:  173://                            define themselves.
        -:  174://   GTEST_USES_SIMPLE_RE   - our own simple regex is used;
        -:  175://                            the above RE\b(s) are mutually exclusive.
        -:  176:
        -:  177:// Misc public macros
        -:  178:// ------------------
        -:  179://
        -:  180://   GTEST_FLAG(flag_name)  - references the variable corresponding to
        -:  181://                            the given Google Test flag.
        -:  182:
        -:  183:// Internal utilities
        -:  184:// ------------------
        -:  185://
        -:  186:// The following macros and utilities are for Google Test's INTERNAL
        -:  187:// use only.  Code outside Google Test MUST NOT USE THEM DIRECTLY.
        -:  188://
        -:  189:// Macros for basic C++ coding:
        -:  190://   GTEST_AMBIGUOUS_ELSE_BLOCKER_ - for disabling a gcc warning.
        -:  191://   GTEST_ATTRIBUTE_UNUSED_  - declares that a class' instances or a
        -:  192://                              variable don't have to be used.
        -:  193://   GTEST_DISALLOW_ASSIGN_   - disables copy operator=.
        -:  194://   GTEST_DISALLOW_COPY_AND_ASSIGN_ - disables copy ctor and operator=.
        -:  195://   GTEST_DISALLOW_MOVE_ASSIGN_   - disables move operator=.
        -:  196://   GTEST_DISALLOW_MOVE_AND_ASSIGN_ - disables move ctor and operator=.
        -:  197://   GTEST_MUST_USE_RESULT_   - declares that a function's result must be used.
        -:  198://   GTEST_INTENTIONAL_CONST_COND_PUSH_ - start code section where MSVC C4127 is
        -:  199://                                        suppressed (constant conditional).
        -:  200://   GTEST_INTENTIONAL_CONST_COND_POP_  - finish code section where MSVC C4127
        -:  201://                                        is suppressed.
        -:  202://   GTEST_INTERNAL_HAS_STRING_VIEW - for enabling Matcher<std::string_view> or
        -:  203://                                    Matcher<absl::string_view>
        -:  204://                                    specializations.
        -:  205://
        -:  206:// Synchronization:
        -:  207://   Mutex, MutexLock, ThreadLocal, GetThreadCount()
        -:  208://                            - synchronization primitives.
        -:  209://
        -:  210:// Regular expressions:
        -:  211://   RE             - a simple regular expression class using the POSIX
        -:  212://                    Extended Regular Expression syntax on UNIX-like platforms
        -:  213://                    GOOGLETEST_CM0008 DO NOT DELETE
        -:  214://                    or a reduced regular exception syntax on other
        -:  215://                    platforms, including Windows.
        -:  216:// Logging:
        -:  217://   GTEST_LOG_()   - logs messages at the specified severity level.
        -:  218://   LogToStderr()  - directs all log messages to stderr.
        -:  219://   FlushInfoLog() - flushes informational log messages.
        -:  220://
        -:  221:// Stdout and stderr capturing:
        -:  222://   CaptureStdout()     - starts capturing stdout.
        -:  223://   GetCapturedStdout() - stops capturing stdout and returns the captured
        -:  224://                         string.
        -:  225://   CaptureStderr()     - starts capturing stderr.
        -:  226://   GetCapturedStderr() - stops capturing stderr and returns the captured
        -:  227://                         string.
        -:  228://
        -:  229:// Integer types:
        -:  230://   TypeWithSize   - maps an integer to a int type.
        -:  231://   TimeInMillis   - integers of known sizes.
        -:  232://   BiggestInt     - the biggest signed integer type.
        -:  233://
        -:  234:// Command-line utilities:
        -:  235://   GTEST_DECLARE_*()  - declares a flag.
        -:  236://   GTEST_DEFINE_*()   - defines a flag.
        -:  237://   GetInjectableArgvs() - returns the command line as a vector of strings.
        -:  238://
        -:  239:// Environment variable utilities:
        -:  240://   GetEnv()             - gets the value of an environment variable.
        -:  241://   BoolFromGTestEnv()   - parses a bool environment variable.
        -:  242://   Int32FromGTestEnv()  - parses an int32_t environment variable.
        -:  243://   StringFromGTestEnv() - parses a string environment variable.
        -:  244://
        -:  245:// Deprecation warnings:
        -:  246://   GTEST_INTERNAL_DEPRECATED(message) - attribute marking a function as
        -:  247://                                        deprecated; calling a marked function
        -:  248://                                        should generate a compiler warning
        -:  249:
        -:  250:#include <ctype.h>   // for isspace, etc
        -:  251:#include <stddef.h>  // for ptrdiff_t
        -:  252:#include <stdio.h>
        -:  253:#include <stdlib.h>
        -:  254:#include <string.h>
        -:  255:
        -:  256:#include <cerrno>
        -:  257:#include <cstdint>
        -:  258:#include <limits>
        -:  259:#include <type_traits>
        -:  260:
        -:  261:#ifndef _WIN32_WCE
        -:  262:# include <sys/types.h>
        -:  263:# include <sys/stat.h>
        -:  264:#endif  // !_WIN32_WCE
        -:  265:
        -:  266:#if defined __APPLE__
        -:  267:# include <AvailabilityMacros.h>
        -:  268:# include <TargetConditionals.h>
        -:  269:#endif
        -:  270:
        -:  271:#include <iostream>  // NOLINT
        -:  272:#include <locale>
        -:  273:#include <memory>
        -:  274:#include <string>  // NOLINT
        -:  275:#include <tuple>
        -:  276:#include <vector>  // NOLINT
        -:  277:
        -:  278:#include "gtest/internal/custom/gtest-port.h"
        -:  279:#include "gtest/internal/gtest-port-arch.h"
        -:  280:
        -:  281:#if !defined(GTEST_DEV_EMAIL_)
        -:  282:# define GTEST_DEV_EMAIL_ "googletestframework@@googlegroups.com"
        -:  283:# define GTEST_FLAG_PREFIX_ "gtest_"
        -:  284:# define GTEST_FLAG_PREFIX_DASH_ "gtest-"
        -:  285:# define GTEST_FLAG_PREFIX_UPPER_ "GTEST_"
        -:  286:# define GTEST_NAME_ "Google Test"
        -:  287:# define GTEST_PROJECT_URL_ "https://github.com/google/googletest/"
        -:  288:#endif  // !defined(GTEST_DEV_EMAIL_)
        -:  289:
        -:  290:#if !defined(GTEST_INIT_GOOGLE_TEST_NAME_)
        -:  291:# define GTEST_INIT_GOOGLE_TEST_NAME_ "testing::InitGoogleTest"
        -:  292:#endif  // !defined(GTEST_INIT_GOOGLE_TEST_NAME_)
        -:  293:
        -:  294:// Determines the version of gcc that is used to compile this.
        -:  295:#ifdef __GNUC__
        -:  296:// 40302 means version 4.3.2.
        -:  297:# define GTEST_GCC_VER_ \
        -:  298:    (__GNUC__*10000 + __GNUC_MINOR__*100 + __GNUC_PATCHLEVEL__)
        -:  299:#endif  // __GNUC__
        -:  300:
        -:  301:// Macros for disabling Microsoft Visual C++ warnings.
        -:  302://
        -:  303://   GTEST_DISABLE_MSC_WARNINGS_PUSH_(4800 4385)
        -:  304://   /* code that triggers warnings C4800 and C4385 */
        -:  305://   GTEST_DISABLE_MSC_WARNINGS_POP_()
        -:  306:#if defined(_MSC_VER)
        -:  307:# define GTEST_DISABLE_MSC_WARNINGS_PUSH_(warnings) \
        -:  308:    __pragma(warning(push))                        \
        -:  309:    __pragma(warning(disable: warnings))
        -:  310:# define GTEST_DISABLE_MSC_WARNINGS_POP_()          \
        -:  311:    __pragma(warning(pop))
        -:  312:#else
        -:  313:// Not all compilers are MSVC
        -:  314:# define GTEST_DISABLE_MSC_WARNINGS_PUSH_(warnings)
        -:  315:# define GTEST_DISABLE_MSC_WARNINGS_POP_()
        -:  316:#endif
        -:  317:
        -:  318:// Clang on Windows does not understand MSVC's pragma warning.
        -:  319:// We need clang-specific way to disable function deprecation warning.
        -:  320:#ifdef __clang__
        -:  321:# define GTEST_DISABLE_MSC_DEPRECATED_PUSH_()                         \
        -:  322:    _Pragma("clang diagnostic push")                                  \
        -:  323:    _Pragma("clang diagnostic ignored \"-Wdeprecated-declarations\"") \
        -:  324:    _Pragma("clang diagnostic ignored \"-Wdeprecated-implementations\"")
        -:  325:#define GTEST_DISABLE_MSC_DEPRECATED_POP_() \
        -:  326:    _Pragma("clang diagnostic pop")
        -:  327:#else
        -:  328:# define GTEST_DISABLE_MSC_DEPRECATED_PUSH_() \
        -:  329:    GTEST_DISABLE_MSC_WARNINGS_PUSH_(4996)
        -:  330:# define GTEST_DISABLE_MSC_DEPRECATED_POP_() \
        -:  331:    GTEST_DISABLE_MSC_WARNINGS_POP_()
        -:  332:#endif
        -:  333:
        -:  334:// Brings in definitions for functions used in the testing::internal::posix
        -:  335:// namespace (read, write, close, chdir, isatty, stat). We do not currently
        -:  336:// use them on Windows Mobile.
        -:  337:#if GTEST_OS_WINDOWS
        -:  338:# if !GTEST_OS_WINDOWS_MOBILE
        -:  339:#  include <direct.h>
        -:  340:#  include <io.h>
        -:  341:# endif
        -:  342:// In order to avoid having to include <windows.h>, use forward declaration
        -:  343:#if GTEST_OS_WINDOWS_MINGW && !defined(__MINGW64_VERSION_MAJOR)
        -:  344:// MinGW defined _CRITICAL_SECTION and _RTL_CRITICAL_SECTION as two
        -:  345:// separate (equivalent) structs, instead of using typedef
        -:  346:typedef struct _CRITICAL_SECTION GTEST_CRITICAL_SECTION;
        -:  347:#else
        -:  348:// Assume CRITICAL_SECTION is a typedef of _RTL_CRITICAL_SECTION.
        -:  349:// This assumption is verified by
        -:  350:// WindowsTypesTest.CRITICAL_SECTIONIs_RTL_CRITICAL_SECTION.
        -:  351:typedef struct _RTL_CRITICAL_SECTION GTEST_CRITICAL_SECTION;
        -:  352:#endif
        -:  353:#else
        -:  354:// This assumes that non-Windows OSes provide unistd.h. For OSes where this
        -:  355:// is not the case, we need to include headers that provide the functions
        -:  356:// mentioned above.
        -:  357:# include <unistd.h>
        -:  358:# include <strings.h>
        -:  359:#endif  // GTEST_OS_WINDOWS
        -:  360:
        -:  361:#if GTEST_OS_LINUX_ANDROID
        -:  362:// Used to define __ANDROID_API__ matching the target NDK API level.
        -:  363:#  include <android/api-level.h>  // NOLINT
        -:  364:#endif
        -:  365:
        -:  366:// Defines this to true if and only if Google Test can use POSIX regular
        -:  367:// expressions.
        -:  368:#ifndef GTEST_HAS_POSIX_RE
        -:  369:# if GTEST_OS_LINUX_ANDROID
        -:  370:// On Android, <regex.h> is only available starting with Gingerbread.
        -:  371:#  define GTEST_HAS_POSIX_RE (__ANDROID_API__ >= 9)
        -:  372:# else
        -:  373:#  define GTEST_HAS_POSIX_RE (!GTEST_OS_WINDOWS)
        -:  374:# endif
        -:  375:#endif
        -:  376:
        -:  377:#if GTEST_USES_PCRE
        -:  378:// The appropriate headers have already been included.
        -:  379:
        -:  380:#elif GTEST_HAS_POSIX_RE
        -:  381:
        -:  382:// On some platforms, <regex.h> needs someone to define size_t, and
        -:  383:// won't compile otherwise.  We can #include it here as we already
        -:  384:// included <stdlib.h>, which is guaranteed to define size_t through
        -:  385:// <stddef.h>.
        -:  386:# include <regex.h>  // NOLINT
        -:  387:
        -:  388:# define GTEST_USES_POSIX_RE 1
        -:  389:
        -:  390:#elif GTEST_OS_WINDOWS
        -:  391:
        -:  392:// <regex.h> is not available on Windows.  Use our own simple regex
        -:  393:// implementation instead.
        -:  394:# define GTEST_USES_SIMPLE_RE 1
        -:  395:
        -:  396:#else
        -:  397:
        -:  398:// <regex.h> may not be available on this platform.  Use our own
        -:  399:// simple regex implementation instead.
        -:  400:# define GTEST_USES_SIMPLE_RE 1
        -:  401:
        -:  402:#endif  // GTEST_USES_PCRE
        -:  403:
        -:  404:#ifndef GTEST_HAS_EXCEPTIONS
        -:  405:// The user didn't tell us whether exceptions are enabled, so we need
        -:  406:// to figure it out.
        -:  407:# if defined(_MSC_VER) && defined(_CPPUNWIND)
        -:  408:// MSVC defines _CPPUNWIND to 1 if and only if exceptions are enabled.
        -:  409:#  define GTEST_HAS_EXCEPTIONS 1
        -:  410:# elif defined(__BORLANDC__)
        -:  411:// C++Builder's implementation of the STL uses the _HAS_EXCEPTIONS
        -:  412:// macro to enable exceptions, so we'll do the same.
        -:  413:// Assumes that exceptions are enabled by default.
        -:  414:#  ifndef _HAS_EXCEPTIONS
        -:  415:#   define _HAS_EXCEPTIONS 1
        -:  416:#  endif  // _HAS_EXCEPTIONS
        -:  417:#  define GTEST_HAS_EXCEPTIONS _HAS_EXCEPTIONS
        -:  418:# elif defined(__clang__)
        -:  419:// clang defines __EXCEPTIONS if and only if exceptions are enabled before clang
        -:  420:// 220714, but if and only if cleanups are enabled after that. In Obj-C++ files,
        -:  421:// there can be cleanups for ObjC exceptions which also need cleanups, even if
        -:  422:// C++ exceptions are disabled. clang has __has_feature(cxx_exceptions) which
        -:  423:// checks for C++ exceptions starting at clang r206352, but which checked for
        -:  424:// cleanups prior to that. To reliably check for C++ exception availability with
        -:  425:// clang, check for
        -:  426:// __EXCEPTIONS && __has_feature(cxx_exceptions).
        -:  427:#  define GTEST_HAS_EXCEPTIONS (__EXCEPTIONS && __has_feature(cxx_exceptions))
        -:  428:# elif defined(__GNUC__) && __EXCEPTIONS
        -:  429:// gcc defines __EXCEPTIONS to 1 if and only if exceptions are enabled.
        -:  430:#  define GTEST_HAS_EXCEPTIONS 1
        -:  431:# elif defined(__SUNPRO_CC)
        -:  432:// Sun Pro CC supports exceptions.  However, there is no compile-time way of
        -:  433:// detecting whether they are enabled or not.  Therefore, we assume that
        -:  434:// they are enabled unless the user tells us otherwise.
        -:  435:#  define GTEST_HAS_EXCEPTIONS 1
        -:  436:# elif defined(__IBMCPP__) && __EXCEPTIONS
        -:  437:// xlC defines __EXCEPTIONS to 1 if and only if exceptions are enabled.
        -:  438:#  define GTEST_HAS_EXCEPTIONS 1
        -:  439:# elif defined(__HP_aCC)
        -:  440:// Exception handling is in effect by default in HP aCC compiler. It has to
        -:  441:// be turned of by +noeh compiler option if desired.
        -:  442:#  define GTEST_HAS_EXCEPTIONS 1
        -:  443:# else
        -:  444:// For other compilers, we assume exceptions are disabled to be
        -:  445:// conservative.
        -:  446:#  define GTEST_HAS_EXCEPTIONS 0
        -:  447:# endif  // defined(_MSC_VER) || defined(__BORLANDC__)
        -:  448:#endif  // GTEST_HAS_EXCEPTIONS
        -:  449:
        -:  450:#ifndef GTEST_HAS_STD_WSTRING
        -:  451:// The user didn't tell us whether ::std::wstring is available, so we need
        -:  452:// to figure it out.
        -:  453:// Cygwin 1.7 and below doesn't support ::std::wstring.
        -:  454:// Solaris' libc++ doesn't support it either.  Android has
        -:  455:// no support for it at least as recent as Froyo (2.2).
        -:  456:#define GTEST_HAS_STD_WSTRING                                         \
        -:  457:  (!(GTEST_OS_LINUX_ANDROID || GTEST_OS_CYGWIN || GTEST_OS_SOLARIS || \
        -:  458:     GTEST_OS_HAIKU || GTEST_OS_ESP32 || GTEST_OS_ESP8266))
        -:  459:
        -:  460:#endif  // GTEST_HAS_STD_WSTRING
        -:  461:
        -:  462:// Determines whether RTTI is available.
        -:  463:#ifndef GTEST_HAS_RTTI
        -:  464:// The user didn't tell us whether RTTI is enabled, so we need to
        -:  465:// figure it out.
        -:  466:
        -:  467:# ifdef _MSC_VER
        -:  468:
        -:  469:#ifdef _CPPRTTI  // MSVC defines this macro if and only if RTTI is enabled.
        -:  470:#   define GTEST_HAS_RTTI 1
        -:  471:#  else
        -:  472:#   define GTEST_HAS_RTTI 0
        -:  473:#  endif
        -:  474:
        -:  475:// Starting with version 4.3.2, gcc defines __GXX_RTTI if and only if RTTI is
        -:  476:// enabled.
        -:  477:# elif defined(__GNUC__)
        -:  478:
        -:  479:#  ifdef __GXX_RTTI
        -:  480:// When building against STLport with the Android NDK and with
        -:  481:// -frtti -fno-exceptions, the build fails at link time with undefined
        -:  482:// references to __cxa_bad_typeid. Note sure if STL or toolchain bug,
        -:  483:// so disable RTTI when detected.
        -:  484:#   if GTEST_OS_LINUX_ANDROID && defined(_STLPORT_MAJOR) && \
        -:  485:       !defined(__EXCEPTIONS)
        -:  486:#    define GTEST_HAS_RTTI 0
        -:  487:#   else
        -:  488:#    define GTEST_HAS_RTTI 1
        -:  489:#   endif  // GTEST_OS_LINUX_ANDROID && __STLPORT_MAJOR && !__EXCEPTIONS
        -:  490:#  else
        -:  491:#   define GTEST_HAS_RTTI 0
        -:  492:#  endif  // __GXX_RTTI
        -:  493:
        -:  494:// Clang defines __GXX_RTTI starting with version 3.0, but its manual recommends
        -:  495:// using has_feature instead. has_feature(cxx_rtti) is supported since 2.7, the
        -:  496:// first version with C++ support.
        -:  497:# elif defined(__clang__)
        -:  498:
        -:  499:#  define GTEST_HAS_RTTI __has_feature(cxx_rtti)
        -:  500:
        -:  501:// Starting with version 9.0 IBM Visual Age defines __RTTI_ALL__ to 1 if
        -:  502:// both the typeid and dynamic_cast features are present.
        -:  503:# elif defined(__IBMCPP__) && (__IBMCPP__ >= 900)
        -:  504:
        -:  505:#  ifdef __RTTI_ALL__
        -:  506:#   define GTEST_HAS_RTTI 1
        -:  507:#  else
        -:  508:#   define GTEST_HAS_RTTI 0
        -:  509:#  endif
        -:  510:
        -:  511:# else
        -:  512:
        -:  513:// For all other compilers, we assume RTTI is enabled.
        -:  514:#  define GTEST_HAS_RTTI 1
        -:  515:
        -:  516:# endif  // _MSC_VER
        -:  517:
        -:  518:#endif  // GTEST_HAS_RTTI
        -:  519:
        -:  520:// It's this header's responsibility to #include <typeinfo> when RTTI
        -:  521:// is enabled.
        -:  522:#if GTEST_HAS_RTTI
        -:  523:# include <typeinfo>
        -:  524:#endif
        -:  525:
        -:  526:// Determines whether Google Test can use the pthreads library.
        -:  527:#ifndef GTEST_HAS_PTHREAD
        -:  528:// The user didn't tell us explicitly, so we make reasonable assumptions about
        -:  529:// which platforms have pthreads support.
        -:  530://
        -:  531:// To disable threading support in Google Test, add -DGTEST_HAS_PTHREAD=0
        -:  532:// to your compiler flags.
        -:  533:#define GTEST_HAS_PTHREAD                                                      \
        -:  534:  (GTEST_OS_LINUX || GTEST_OS_MAC || GTEST_OS_HPUX || GTEST_OS_QNX ||          \
        -:  535:   GTEST_OS_FREEBSD || GTEST_OS_NACL || GTEST_OS_NETBSD || GTEST_OS_FUCHSIA || \
        -:  536:   GTEST_OS_DRAGONFLY || GTEST_OS_GNU_KFREEBSD || GTEST_OS_OPENBSD ||          \
        -:  537:   GTEST_OS_HAIKU)
        -:  538:#endif  // GTEST_HAS_PTHREAD
        -:  539:
        -:  540:#if GTEST_HAS_PTHREAD
        -:  541:// gtest-port.h guarantees to #include <pthread.h> when GTEST_HAS_PTHREAD is
        -:  542:// true.
        -:  543:# include <pthread.h>  // NOLINT
        -:  544:
        -:  545:// For timespec and nanosleep, used below.
        -:  546:# include <time.h>  // NOLINT
        -:  547:#endif
        -:  548:
        -:  549:// Determines whether clone(2) is supported.
        -:  550:// Usually it will only be available on Linux, excluding
        -:  551:// Linux on the Itanium architecture.
        -:  552:// Also see http://linux.die.net/man/2/clone.
        -:  553:#ifndef GTEST_HAS_CLONE
        -:  554:// The user didn't tell us, so we need to figure it out.
        -:  555:
        -:  556:# if GTEST_OS_LINUX && !defined(__ia64__)
        -:  557:#  if GTEST_OS_LINUX_ANDROID
        -:  558:// On Android, clone() became available at different API levels for each 32-bit
        -:  559:// architecture.
        -:  560:#    if defined(__LP64__) || \
        -:  561:        (defined(__arm__) && __ANDROID_API__ >= 9) || \
        -:  562:        (defined(__mips__) && __ANDROID_API__ >= 12) || \
        -:  563:        (defined(__i386__) && __ANDROID_API__ >= 17)
        -:  564:#     define GTEST_HAS_CLONE 1
        -:  565:#    else
        -:  566:#     define GTEST_HAS_CLONE 0
        -:  567:#    endif
        -:  568:#  else
        -:  569:#   define GTEST_HAS_CLONE 1
        -:  570:#  endif
        -:  571:# else
        -:  572:#  define GTEST_HAS_CLONE 0
        -:  573:# endif  // GTEST_OS_LINUX && !defined(__ia64__)
        -:  574:
        -:  575:#endif  // GTEST_HAS_CLONE
        -:  576:
        -:  577:// Determines whether to support stream redirection. This is used to test
        -:  578:// output correctness and to implement death tests.
        -:  579:#ifndef GTEST_HAS_STREAM_REDIRECTION
        -:  580:// By default, we assume that stream redirection is supported on all
        -:  581:// platforms except known mobile ones.
        -:  582:#if GTEST_OS_WINDOWS_MOBILE || GTEST_OS_WINDOWS_PHONE || \
        -:  583:    GTEST_OS_WINDOWS_RT || GTEST_OS_ESP8266
        -:  584:#  define GTEST_HAS_STREAM_REDIRECTION 0
        -:  585:# else
        -:  586:#  define GTEST_HAS_STREAM_REDIRECTION 1
        -:  587:# endif  // !GTEST_OS_WINDOWS_MOBILE
        -:  588:#endif  // GTEST_HAS_STREAM_REDIRECTION
        -:  589:
        -:  590:// Determines whether to support death tests.
        -:  591:// pops up a dialog window that cannot be suppressed programmatically.
        -:  592:#if (GTEST_OS_LINUX || GTEST_OS_CYGWIN || GTEST_OS_SOLARIS ||             \
        -:  593:     (GTEST_OS_MAC && !GTEST_OS_IOS) ||                                   \
        -:  594:     (GTEST_OS_WINDOWS_DESKTOP && _MSC_VER) || GTEST_OS_WINDOWS_MINGW ||  \
        -:  595:     GTEST_OS_AIX || GTEST_OS_HPUX || GTEST_OS_OPENBSD || GTEST_OS_QNX || \
        -:  596:     GTEST_OS_FREEBSD || GTEST_OS_NETBSD || GTEST_OS_FUCHSIA ||           \
        -:  597:     GTEST_OS_DRAGONFLY || GTEST_OS_GNU_KFREEBSD || GTEST_OS_HAIKU)
        -:  598:# define GTEST_HAS_DEATH_TEST 1
        -:  599:#endif
        -:  600:
        -:  601:// Determines whether to support type-driven tests.
        -:  602:
        -:  603:// Typed tests need <typeinfo> and variadic macros, which GCC, VC++ 8.0,
        -:  604:// Sun Pro CC, IBM Visual Age, and HP aCC support.
        -:  605:#if defined(__GNUC__) || defined(_MSC_VER) || defined(__SUNPRO_CC) || \
        -:  606:    defined(__IBMCPP__) || defined(__HP_aCC)
        -:  607:# define GTEST_HAS_TYPED_TEST 1
        -:  608:# define GTEST_HAS_TYPED_TEST_P 1
        -:  609:#endif
        -:  610:
        -:  611:// Determines whether the system compiler uses UTF-16 for encoding wide strings.
        -:  612:#define GTEST_WIDE_STRING_USES_UTF16_ \
        -:  613:  (GTEST_OS_WINDOWS || GTEST_OS_CYGWIN || GTEST_OS_AIX || GTEST_OS_OS2)
        -:  614:
        -:  615:// Determines whether test results can be streamed to a socket.
        -:  616:#if GTEST_OS_LINUX || GTEST_OS_GNU_KFREEBSD || GTEST_OS_DRAGONFLY || \
        -:  617:    GTEST_OS_FREEBSD || GTEST_OS_NETBSD || GTEST_OS_OPENBSD
        -:  618:# define GTEST_CAN_STREAM_RESULTS_ 1
        -:  619:#endif
        -:  620:
        -:  621:// Defines some utility macros.
        -:  622:
        -:  623:// The GNU compiler emits a warning if nested "if" statements are followed by
        -:  624:// an "else" statement and braces are not used to explicitly disambiguate the
        -:  625:// "else" binding.  This leads to problems with code like:
        -:  626://
        -:  627://   if (gate)
        -:  628://     ASSERT_*(condition) << "Some message";
        -:  629://
        -:  630:// The "switch (0) case 0:" idiom is used to suppress this.
        -:  631:#ifdef __INTEL_COMPILER
        -:  632:# define GTEST_AMBIGUOUS_ELSE_BLOCKER_
        -:  633:#else
        -:  634:# define GTEST_AMBIGUOUS_ELSE_BLOCKER_ switch (0) case 0: default:  // NOLINT
        -:  635:#endif
        -:  636:
        -:  637:// Use this annotation at the end of a struct/class definition to
        -:  638:// prevent the compiler from optimizing away instances that are never
        -:  639:// used.  This is useful when all interesting logic happens inside the
        -:  640:// c'tor and / or d'tor.  Example:
        -:  641://
        -:  642://   struct Foo {
        -:  643://     Foo() { ... }
        -:  644://   } GTEST_ATTRIBUTE_UNUSED_;
        -:  645://
        -:  646:// Also use it after a variable or parameter declaration to tell the
        -:  647:// compiler the variable/parameter does not have to be used.
        -:  648:#if defined(__GNUC__) && !defined(COMPILER_ICC)
        -:  649:# define GTEST_ATTRIBUTE_UNUSED_ __attribute__ ((unused))
        -:  650:#elif defined(__clang__)
        -:  651:# if __has_attribute(unused)
        -:  652:#  define GTEST_ATTRIBUTE_UNUSED_ __attribute__ ((unused))
        -:  653:# endif
        -:  654:#endif
        -:  655:#ifndef GTEST_ATTRIBUTE_UNUSED_
        -:  656:# define GTEST_ATTRIBUTE_UNUSED_
        -:  657:#endif
        -:  658:
        -:  659:// Use this annotation before a function that takes a printf format string.
        -:  660:#if (defined(__GNUC__) || defined(__clang__)) && !defined(COMPILER_ICC)
        -:  661:# if defined(__MINGW_PRINTF_FORMAT)
        -:  662:// MinGW has two different printf implementations. Ensure the format macro
        -:  663:// matches the selected implementation. See
        -:  664:// https://sourceforge.net/p/mingw-w64/wiki2/gnu%20printf/.
        -:  665:#  define GTEST_ATTRIBUTE_PRINTF_(string_index, first_to_check) \
        -:  666:       __attribute__((__format__(__MINGW_PRINTF_FORMAT, string_index, \
        -:  667:                                 first_to_check)))
        -:  668:# else
        -:  669:#  define GTEST_ATTRIBUTE_PRINTF_(string_index, first_to_check) \
        -:  670:       __attribute__((__format__(__printf__, string_index, first_to_check)))
        -:  671:# endif
        -:  672:#else
        -:  673:# define GTEST_ATTRIBUTE_PRINTF_(string_index, first_to_check)
        -:  674:#endif
        -:  675:
        -:  676:
        -:  677:// A macro to disallow copy operator=
        -:  678:// This should be used in the private: declarations for a class.
        -:  679:#define GTEST_DISALLOW_ASSIGN_(type) \
        -:  680:  type& operator=(type const &) = delete
        -:  681:
        -:  682:// A macro to disallow copy constructor and operator=
        -:  683:// This should be used in the private: declarations for a class.
        -:  684:#define GTEST_DISALLOW_COPY_AND_ASSIGN_(type) \
        -:  685:  type(type const&) = delete;                 \
        -:  686:  type& operator=(type const&) = delete
        -:  687:
        -:  688:// A macro to disallow move operator=
        -:  689:// This should be used in the private: declarations for a class.
        -:  690:#define GTEST_DISALLOW_MOVE_ASSIGN_(type) \
        -:  691:  type& operator=(type &&) noexcept = delete
        -:  692:
        -:  693:// A macro to disallow move constructor and operator=
        -:  694:// This should be used in the private: declarations for a class.
        -:  695:#define GTEST_DISALLOW_MOVE_AND_ASSIGN_(type) \
        -:  696:  type(type&&) noexcept = delete;             \
        -:  697:  type& operator=(type&&) noexcept = delete
        -:  698:
        -:  699:// Tell the compiler to warn about unused return values for functions declared
        -:  700:// with this macro.  The macro should be used on function declarations
        -:  701:// following the argument list:
        -:  702://
        -:  703://   Sprocket* AllocateSprocket() GTEST_MUST_USE_RESULT_;
        -:  704:#if defined(__GNUC__) && !defined(COMPILER_ICC)
        -:  705:# define GTEST_MUST_USE_RESULT_ __attribute__ ((warn_unused_result))
        -:  706:#else
        -:  707:# define GTEST_MUST_USE_RESULT_
        -:  708:#endif  // __GNUC__ && !COMPILER_ICC
        -:  709:
        -:  710:// MS C++ compiler emits warning when a conditional expression is compile time
        -:  711:// constant. In some contexts this warning is false positive and needs to be
        -:  712:// suppressed. Use the following two macros in such cases:
        -:  713://
        -:  714:// GTEST_INTENTIONAL_CONST_COND_PUSH_()
        -:  715:// while (true) {
        -:  716:// GTEST_INTENTIONAL_CONST_COND_POP_()
        -:  717:// }
        -:  718:# define GTEST_INTENTIONAL_CONST_COND_PUSH_() \
        -:  719:    GTEST_DISABLE_MSC_WARNINGS_PUSH_(4127)
        -:  720:# define GTEST_INTENTIONAL_CONST_COND_POP_() \
        -:  721:    GTEST_DISABLE_MSC_WARNINGS_POP_()
        -:  722:
        -:  723:// Determine whether the compiler supports Microsoft's Structured Exception
        -:  724:// Handling.  This is supported by several Windows compilers but generally
        -:  725:// does not exist on any other system.
        -:  726:#ifndef GTEST_HAS_SEH
        -:  727:// The user didn't tell us, so we need to figure it out.
        -:  728:
        -:  729:# if defined(_MSC_VER) || defined(__BORLANDC__)
        -:  730:// These two compilers are known to support SEH.
        -:  731:#  define GTEST_HAS_SEH 1
        -:  732:# else
        -:  733:// Assume no SEH.
        -:  734:#  define GTEST_HAS_SEH 0
        -:  735:# endif
        -:  736:
        -:  737:#endif  // GTEST_HAS_SEH
        -:  738:
        -:  739:#ifndef GTEST_IS_THREADSAFE
        -:  740:
        -:  741:#define GTEST_IS_THREADSAFE                                                 \
        -:  742:  (GTEST_HAS_MUTEX_AND_THREAD_LOCAL_ ||                                     \
        -:  743:   (GTEST_OS_WINDOWS && !GTEST_OS_WINDOWS_PHONE && !GTEST_OS_WINDOWS_RT) || \
        -:  744:   GTEST_HAS_PTHREAD)
        -:  745:
        -:  746:#endif  // GTEST_IS_THREADSAFE
        -:  747:
        -:  748:// GTEST_API_ qualifies all symbols that must be exported. The definitions below
        -:  749:// are guarded by #ifndef to give embedders a chance to define GTEST_API_ in
        -:  750:// gtest/internal/custom/gtest-port.h
        -:  751:#ifndef GTEST_API_
        -:  752:
        -:  753:#ifdef _MSC_VER
        -:  754:# if GTEST_LINKED_AS_SHARED_LIBRARY
        -:  755:#  define GTEST_API_ __declspec(dllimport)
        -:  756:# elif GTEST_CREATE_SHARED_LIBRARY
        -:  757:#  define GTEST_API_ __declspec(dllexport)
        -:  758:# endif
        -:  759:#elif __GNUC__ >= 4 || defined(__clang__)
        -:  760:# define GTEST_API_ __attribute__((visibility ("default")))
        -:  761:#endif  // _MSC_VER
        -:  762:
        -:  763:#endif  // GTEST_API_
        -:  764:
        -:  765:#ifndef GTEST_API_
        -:  766:# define GTEST_API_
        -:  767:#endif  // GTEST_API_
        -:  768:
        -:  769:#ifndef GTEST_DEFAULT_DEATH_TEST_STYLE
        -:  770:# define GTEST_DEFAULT_DEATH_TEST_STYLE  "fast"
        -:  771:#endif  // GTEST_DEFAULT_DEATH_TEST_STYLE
        -:  772:
        -:  773:#ifdef __GNUC__
        -:  774:// Ask the compiler to never inline a given function.
        -:  775:# define GTEST_NO_INLINE_ __attribute__((noinline))
        -:  776:#else
        -:  777:# define GTEST_NO_INLINE_
        -:  778:#endif
        -:  779:
        -:  780:// _LIBCPP_VERSION is defined by the libc++ library from the LLVM project.
        -:  781:#if !defined(GTEST_HAS_CXXABI_H_)
        -:  782:# if defined(__GLIBCXX__) || (defined(_LIBCPP_VERSION) && !defined(_MSC_VER))
        -:  783:#  define GTEST_HAS_CXXABI_H_ 1
        -:  784:# else
        -:  785:#  define GTEST_HAS_CXXABI_H_ 0
        -:  786:# endif
        -:  787:#endif
        -:  788:
        -:  789:// A function level attribute to disable checking for use of uninitialized
        -:  790:// memory when built with MemorySanitizer.
        -:  791:#if defined(__clang__)
        -:  792:# if __has_feature(memory_sanitizer)
        -:  793:#  define GTEST_ATTRIBUTE_NO_SANITIZE_MEMORY_ \
        -:  794:       __attribute__((no_sanitize_memory))
        -:  795:# else
        -:  796:#  define GTEST_ATTRIBUTE_NO_SANITIZE_MEMORY_
        -:  797:# endif  // __has_feature(memory_sanitizer)
        -:  798:#else
        -:  799:# define GTEST_ATTRIBUTE_NO_SANITIZE_MEMORY_
        -:  800:#endif  // __clang__
        -:  801:
        -:  802:// A function level attribute to disable AddressSanitizer instrumentation.
        -:  803:#if defined(__clang__)
        -:  804:# if __has_feature(address_sanitizer)
        -:  805:#  define GTEST_ATTRIBUTE_NO_SANITIZE_ADDRESS_ \
        -:  806:       __attribute__((no_sanitize_address))
        -:  807:# else
        -:  808:#  define GTEST_ATTRIBUTE_NO_SANITIZE_ADDRESS_
        -:  809:# endif  // __has_feature(address_sanitizer)
        -:  810:#else
        -:  811:# define GTEST_ATTRIBUTE_NO_SANITIZE_ADDRESS_
        -:  812:#endif  // __clang__
        -:  813:
        -:  814:// A function level attribute to disable HWAddressSanitizer instrumentation.
        -:  815:#if defined(__clang__)
        -:  816:# if __has_feature(hwaddress_sanitizer)
        -:  817:#  define GTEST_ATTRIBUTE_NO_SANITIZE_HWADDRESS_ \
        -:  818:       __attribute__((no_sanitize("hwaddress")))
        -:  819:# else
        -:  820:#  define GTEST_ATTRIBUTE_NO_SANITIZE_HWADDRESS_
        -:  821:# endif  // __has_feature(hwaddress_sanitizer)
        -:  822:#else
        -:  823:# define GTEST_ATTRIBUTE_NO_SANITIZE_HWADDRESS_
        -:  824:#endif  // __clang__
        -:  825:
        -:  826:// A function level attribute to disable ThreadSanitizer instrumentation.
        -:  827:#if defined(__clang__)
        -:  828:# if __has_feature(thread_sanitizer)
        -:  829:#  define GTEST_ATTRIBUTE_NO_SANITIZE_THREAD_ \
        -:  830:       __attribute__((no_sanitize_thread))
        -:  831:# else
        -:  832:#  define GTEST_ATTRIBUTE_NO_SANITIZE_THREAD_
        -:  833:# endif  // __has_feature(thread_sanitizer)
        -:  834:#else
        -:  835:# define GTEST_ATTRIBUTE_NO_SANITIZE_THREAD_
        -:  836:#endif  // __clang__
        -:  837:
        -:  838:namespace testing {
        -:  839:
        -:  840:class Message;
        -:  841:
        -:  842:// Legacy imports for backwards compatibility.
        -:  843:// New code should use std:: names directly.
        -:  844:using std::get;
        -:  845:using std::make_tuple;
        -:  846:using std::tuple;
        -:  847:using std::tuple_element;
        -:  848:using std::tuple_size;
        -:  849:
        -:  850:namespace internal {
        -:  851:
        -:  852:// A secret type that Google Test users don't know about.  It has no
        -:  853:// definition on purpose.  Therefore it's impossible to create a
        -:  854:// Secret object, which is what we want.
        -:  855:class Secret;
        -:  856:
        -:  857:// The GTEST_COMPILE_ASSERT_ is a legacy macro used to verify that a compile
        -:  858:// time expression is true (in new code, use static_assert instead). For
        -:  859:// example, you could use it to verify the size of a static array:
        -:  860://
        -:  861://   GTEST_COMPILE_ASSERT_(GTEST_ARRAY_SIZE_(names) == NUM_NAMES,
        -:  862://                         names_incorrect_size);
        -:  863://
        -:  864:// The second argument to the macro must be a valid C++ identifier. If the
        -:  865:// expression is false, compiler will issue an error containing this identifier.
        -:  866:#define GTEST_COMPILE_ASSERT_(expr, msg) static_assert(expr, #msg)
        -:  867:
        -:  868:// A helper for suppressing warnings on constant condition.  It just
        -:  869:// returns 'condition'.
        -:  870:GTEST_API_ bool IsTrue(bool condition);
        -:  871:
        -:  872:// Defines RE.
        -:  873:
        -:  874:#if GTEST_USES_PCRE
        -:  875:// if used, PCRE is injected by custom/gtest-port.h
        -:  876:#elif GTEST_USES_POSIX_RE || GTEST_USES_SIMPLE_RE
        -:  877:
        -:  878:// A simple C++ wrapper for <regex.h>.  It uses the POSIX Extended
        -:  879:// Regular Expression syntax.
        -:  880:class GTEST_API_ RE {
        -:  881: public:
        -:  882:  // A copy constructor is required by the Standard to initialize object
        -:  883:  // references from r-values.
        -:  884:  RE(const RE& other) { Init(other.pattern()); }
        -:  885:
        -:  886:  // Constructs an RE from a string.
        -:  887:  RE(const ::std::string& regex) { Init(regex.c_str()); }  // NOLINT
        -:  888:
        -:  889:  RE(const char* regex) { Init(regex); }  // NOLINT
        -:  890:  ~RE();
        -:  891:
        -:  892:  // Returns the string representation of the regex.
        -:  893:  const char* pattern() const { return pattern_; }
        -:  894:
        -:  895:  // FullMatch(str, re) returns true if and only if regular expression re
        -:  896:  // matches the entire str.
        -:  897:  // PartialMatch(str, re) returns true if and only if regular expression re
        -:  898:  // matches a substring of str (including str itself).
        -:  899:  static bool FullMatch(const ::std::string& str, const RE& re) {
        -:  900:    return FullMatch(str.c_str(), re);
        -:  901:  }
        -:  902:  static bool PartialMatch(const ::std::string& str, const RE& re) {
        -:  903:    return PartialMatch(str.c_str(), re);
        -:  904:  }
        -:  905:
        -:  906:  static bool FullMatch(const char* str, const RE& re);
        -:  907:  static bool PartialMatch(const char* str, const RE& re);
        -:  908:
        -:  909: private:
        -:  910:  void Init(const char* regex);
        -:  911:  const char* pattern_;
        -:  912:  bool is_valid_;
        -:  913:
        -:  914:# if GTEST_USES_POSIX_RE
        -:  915:
        -:  916:  regex_t full_regex_;     // For FullMatch().
        -:  917:  regex_t partial_regex_;  // For PartialMatch().
        -:  918:
        -:  919:# else  // GTEST_USES_SIMPLE_RE
        -:  920:
        -:  921:  const char* full_pattern_;  // For FullMatch();
        -:  922:
        -:  923:# endif
        -:  924:};
        -:  925:
        -:  926:#endif  // GTEST_USES_PCRE
        -:  927:
        -:  928:// Formats a source file path and a line number as they would appear
        -:  929:// in an error message from the compiler used to compile this code.
        -:  930:GTEST_API_ ::std::string FormatFileLocation(const char* file, int line);
        -:  931:
        -:  932:// Formats a file location for compiler-independent XML output.
        -:  933:// Although this function is not platform dependent, we put it next to
        -:  934:// FormatFileLocation in order to contrast the two functions.
        -:  935:GTEST_API_ ::std::string FormatCompilerIndependentFileLocation(const char* file,
        -:  936:                                                               int line);
        -:  937:
        -:  938:// Defines logging utilities:
        -:  939://   GTEST_LOG_(severity) - logs messages at the specified severity level. The
        -:  940://                          message itself is streamed into the macro.
        -:  941://   LogToStderr()  - directs all log messages to stderr.
        -:  942://   FlushInfoLog() - flushes informational log messages.
        -:  943:
        -:  944:enum GTestLogSeverity {
        -:  945:  GTEST_INFO,
        -:  946:  GTEST_WARNING,
        -:  947:  GTEST_ERROR,
        -:  948:  GTEST_FATAL
        -:  949:};
        -:  950:
        -:  951:// Formats log entry severity, provides a stream object for streaming the
        -:  952:// log message, and terminates the message with a newline when going out of
        -:  953:// scope.
        -:  954:class GTEST_API_ GTestLog {
        -:  955: public:
        -:  956:  GTestLog(GTestLogSeverity severity, const char* file, int line);
        -:  957:
        -:  958:  // Flushes the buffers and, if severity is GTEST_FATAL, aborts the program.
        -:  959:  ~GTestLog();
        -:  960:
    #####:  961:  ::std::ostream& GetStream() { return ::std::cerr; }
        -:  962:
        -:  963: private:
        -:  964:  const GTestLogSeverity severity_;
        -:  965:
        -:  966:  GTEST_DISALLOW_COPY_AND_ASSIGN_(GTestLog);
        -:  967:};
        -:  968:
        -:  969:#if !defined(GTEST_LOG_)
        -:  970:
        -:  971:# define GTEST_LOG_(severity) \
        -:  972:    ::testing::internal::GTestLog(::testing::internal::GTEST_##severity, \
        -:  973:                                  __FILE__, __LINE__).GetStream()
        -:  974:
        -:  975:inline void LogToStderr() {}
        -:  976:inline void FlushInfoLog() { fflush(nullptr); }
        -:  977:
        -:  978:#endif  // !defined(GTEST_LOG_)
        -:  979:
        -:  980:#if !defined(GTEST_CHECK_)
        -:  981:// INTERNAL IMPLEMENTATION - DO NOT USE.
        -:  982://
        -:  983:// GTEST_CHECK_ is an all-mode assert. It aborts the program if the condition
        -:  984:// is not satisfied.
        -:  985://  Synopsys:
        -:  986://    GTEST_CHECK_(boolean_condition);
        -:  987://     or
        -:  988://    GTEST_CHECK_(boolean_condition) << "Additional message";
        -:  989://
        -:  990://    This checks the condition and if the condition is not satisfied
        -:  991://    it prints message about the condition violation, including the
        -:  992://    condition itself, plus additional message streamed into it, if any,
        -:  993://    and then it aborts the program. It aborts the program irrespective of
        -:  994://    whether it is built in the debug mode or not.
        -:  995:# define GTEST_CHECK_(condition) \
        -:  996:    GTEST_AMBIGUOUS_ELSE_BLOCKER_ \
        -:  997:    if (::testing::internal::IsTrue(condition)) \
        -:  998:      ; \
        -:  999:    else \
        -: 1000:      GTEST_LOG_(FATAL) << "Condition " #condition " failed. "
        -: 1001:#endif  // !defined(GTEST_CHECK_)
        -: 1002:
        -: 1003:// An all-mode assert to verify that the given POSIX-style function
        -: 1004:// call returns 0 (indicating success).  Known limitation: this
        -: 1005:// doesn't expand to a balanced 'if' statement, so enclose the macro
        -: 1006:// in {} if you need to use it as the only statement in an 'if'
        -: 1007:// branch.
        -: 1008:#define GTEST_CHECK_POSIX_SUCCESS_(posix_call) \
        -: 1009:  if (const int gtest_error = (posix_call)) \
        -: 1010:    GTEST_LOG_(FATAL) << #posix_call << "failed with error " \
        -: 1011:                      << gtest_error
        -: 1012:
        -: 1013:// Transforms "T" into "const T&" according to standard reference collapsing
        -: 1014:// rules (this is only needed as a backport for C++98 compilers that do not
        -: 1015:// support reference collapsing). Specifically, it transforms:
        -: 1016://
        -: 1017://   char         ==> const char&
        -: 1018://   const char   ==> const char&
        -: 1019://   char&        ==> char&
        -: 1020://   const char&  ==> const char&
        -: 1021://
        -: 1022:// Note that the non-const reference will not have "const" added. This is
        -: 1023:// standard, and necessary so that "T" can always bind to "const T&".
        -: 1024:template <typename T>
        -: 1025:struct ConstRef { typedef const T& type; };
        -: 1026:template <typename T>
        -: 1027:struct ConstRef<T&> { typedef T& type; };
        -: 1028:
        -: 1029:// The argument T must depend on some template parameters.
        -: 1030:#define GTEST_REFERENCE_TO_CONST_(T) \
        -: 1031:  typename ::testing::internal::ConstRef<T>::type
        -: 1032:
        -: 1033:// INTERNAL IMPLEMENTATION - DO NOT USE IN USER CODE.
        -: 1034://
        -: 1035:// Use ImplicitCast_ as a safe version of static_cast for upcasting in
        -: 1036:// the type hierarchy (e.g. casting a Foo* to a SuperclassOfFoo* or a
        -: 1037:// const Foo*).  When you use ImplicitCast_, the compiler checks that
        -: 1038:// the cast is safe.  Such explicit ImplicitCast_s are necessary in
        -: 1039:// surprisingly many situations where C++ demands an exact type match
        -: 1040:// instead of an argument type convertable to a target type.
        -: 1041://
        -: 1042:// The syntax for using ImplicitCast_ is the same as for static_cast:
        -: 1043://
        -: 1044://   ImplicitCast_<ToType>(expr)
        -: 1045://
        -: 1046:// ImplicitCast_ would have been part of the C++ standard library,
        -: 1047:// but the proposal was submitted too late.  It will probably make
        -: 1048:// its way into the language in the future.
        -: 1049://
        -: 1050:// This relatively ugly name is intentional. It prevents clashes with
        -: 1051:// similar functions users may have (e.g., implicit_cast). The internal
        -: 1052:// namespace alone is not enough because the function can be found by ADL.
        -: 1053:template<typename To>
        -: 1054:inline To ImplicitCast_(To x) { return x; }
        -: 1055:
        -: 1056:// When you upcast (that is, cast a pointer from type Foo to type
        -: 1057:// SuperclassOfFoo), it's fine to use ImplicitCast_<>, since upcasts
        -: 1058:// always succeed.  When you downcast (that is, cast a pointer from
        -: 1059:// type Foo to type SubclassOfFoo), static_cast<> isn't safe, because
        -: 1060:// how do you know the pointer is really of type SubclassOfFoo?  It
        -: 1061:// could be a bare Foo, or of type DifferentSubclassOfFoo.  Thus,
        -: 1062:// when you downcast, you should use this macro.  In debug mode, we
        -: 1063:// use dynamic_cast<> to double-check the downcast is legal (we die
        -: 1064:// if it's not).  In normal mode, we do the efficient static_cast<>
        -: 1065:// instead.  Thus, it's important to test in debug mode to make sure
        -: 1066:// the cast is legal!
        -: 1067://    This is the only place in the code we should use dynamic_cast<>.
        -: 1068:// In particular, you SHOULDN'T be using dynamic_cast<> in order to
        -: 1069:// do RTTI (eg code like this:
        -: 1070://    if (dynamic_cast<Subclass1>(foo)) HandleASubclass1Object(foo);
        -: 1071://    if (dynamic_cast<Subclass2>(foo)) HandleASubclass2Object(foo);
        -: 1072:// You should design the code some other way not to need this.
        -: 1073://
        -: 1074:// This relatively ugly name is intentional. It prevents clashes with
        -: 1075:// similar functions users may have (e.g., down_cast). The internal
        -: 1076:// namespace alone is not enough because the function can be found by ADL.
        -: 1077:template<typename To, typename From>  // use like this: DownCast_<T*>(foo);
        -: 1078:inline To DownCast_(From* f) {  // so we only accept pointers
        -: 1079:  // Ensures that To is a sub-type of From *.  This test is here only
        -: 1080:  // for compile-time type checking, and has no overhead in an
        -: 1081:  // optimized build at run-time, as it will be optimized away
        -: 1082:  // completely.
        -: 1083:  GTEST_INTENTIONAL_CONST_COND_PUSH_()
        -: 1084:  if (false) {
        -: 1085:  GTEST_INTENTIONAL_CONST_COND_POP_()
        -: 1086:  const To to = nullptr;
        -: 1087:  ::testing::internal::ImplicitCast_<From*>(to);
        -: 1088:  }
        -: 1089:
        -: 1090:#if GTEST_HAS_RTTI
        -: 1091:  // RTTI: debug mode only!
        -: 1092:  GTEST_CHECK_(f == nullptr || dynamic_cast<To>(f) != nullptr);
        -: 1093:#endif
        -: 1094:  return static_cast<To>(f);
        -: 1095:}
        -: 1096:
        -: 1097:// Downcasts the pointer of type Base to Derived.
        -: 1098:// Derived must be a subclass of Base. The parameter MUST
        -: 1099:// point to a class of type Derived, not any subclass of it.
        -: 1100:// When RTTI is available, the function performs a runtime
        -: 1101:// check to enforce this.
        -: 1102:template <class Derived, class Base>
        -: 1103:Derived* CheckedDowncastToActualType(Base* base) {
        -: 1104:#if GTEST_HAS_RTTI
        -: 1105:  GTEST_CHECK_(typeid(*base) == typeid(Derived));
        -: 1106:#endif
        -: 1107:
        -: 1108:#if GTEST_HAS_DOWNCAST_
        -: 1109:  return ::down_cast<Derived*>(base);
        -: 1110:#elif GTEST_HAS_RTTI
        -: 1111:  return dynamic_cast<Derived*>(base);  // NOLINT
        -: 1112:#else
        -: 1113:  return static_cast<Derived*>(base);  // Poor man's downcast.
        -: 1114:#endif
        -: 1115:}
        -: 1116:
        -: 1117:#if GTEST_HAS_STREAM_REDIRECTION
        -: 1118:
        -: 1119:// Defines the stderr capturer:
        -: 1120://   CaptureStdout     - starts capturing stdout.
        -: 1121://   GetCapturedStdout - stops capturing stdout and returns the captured string.
        -: 1122://   CaptureStderr     - starts capturing stderr.
        -: 1123://   GetCapturedStderr - stops capturing stderr and returns the captured string.
        -: 1124://
        -: 1125:GTEST_API_ void CaptureStdout();
        -: 1126:GTEST_API_ std::string GetCapturedStdout();
        -: 1127:GTEST_API_ void CaptureStderr();
        -: 1128:GTEST_API_ std::string GetCapturedStderr();
        -: 1129:
        -: 1130:#endif  // GTEST_HAS_STREAM_REDIRECTION
        -: 1131:// Returns the size (in bytes) of a file.
        -: 1132:GTEST_API_ size_t GetFileSize(FILE* file);
        -: 1133:
        -: 1134:// Reads the entire content of a file as a string.
        -: 1135:GTEST_API_ std::string ReadEntireFile(FILE* file);
        -: 1136:
        -: 1137:// All command line arguments.
        -: 1138:GTEST_API_ std::vector<std::string> GetArgvs();
        -: 1139:
        -: 1140:#if GTEST_HAS_DEATH_TEST
        -: 1141:
        -: 1142:std::vector<std::string> GetInjectableArgvs();
        -: 1143:// Deprecated: pass the args vector by value instead.
        -: 1144:void SetInjectableArgvs(const std::vector<std::string>* new_argvs);
        -: 1145:void SetInjectableArgvs(const std::vector<std::string>& new_argvs);
        -: 1146:void ClearInjectableArgvs();
        -: 1147:
        -: 1148:#endif  // GTEST_HAS_DEATH_TEST
        -: 1149:
        -: 1150:// Defines synchronization primitives.
        -: 1151:#if GTEST_IS_THREADSAFE
        -: 1152:# if GTEST_HAS_PTHREAD
        -: 1153:// Sleeps for (roughly) n milliseconds.  This function is only for testing
        -: 1154:// Google Test's own constructs.  Don't use it in user tests, either
        -: 1155:// directly or indirectly.
        -: 1156:inline void SleepMilliseconds(int n) {
        -: 1157:  const timespec time = {
        -: 1158:    0,                  // 0 seconds.
        -: 1159:    n * 1000L * 1000L,  // And n ms.
        -: 1160:  };
        -: 1161:  nanosleep(&time, nullptr);
        -: 1162:}
        -: 1163:# endif  // GTEST_HAS_PTHREAD
        -: 1164:
        -: 1165:# if GTEST_HAS_NOTIFICATION_
        -: 1166:// Notification has already been imported into the namespace.
        -: 1167:// Nothing to do here.
        -: 1168:
        -: 1169:# elif GTEST_HAS_PTHREAD
        -: 1170:// Allows a controller thread to pause execution of newly created
        -: 1171:// threads until notified.  Instances of this class must be created
        -: 1172:// and destroyed in the controller thread.
        -: 1173://
        -: 1174:// This class is only for testing Google Test's own constructs. Do not
        -: 1175:// use it in user tests, either directly or indirectly.
        -: 1176:class Notification {
        -: 1177: public:
        -: 1178:  Notification() : notified_(false) {
        -: 1179:    GTEST_CHECK_POSIX_SUCCESS_(pthread_mutex_init(&mutex_, nullptr));
        -: 1180:  }
        -: 1181:  ~Notification() {
        -: 1182:    pthread_mutex_destroy(&mutex_);
        -: 1183:  }
        -: 1184:
        -: 1185:  // Notifies all threads created with this notification to start. Must
        -: 1186:  // be called from the controller thread.
        -: 1187:  void Notify() {
        -: 1188:    pthread_mutex_lock(&mutex_);
        -: 1189:    notified_ = true;
        -: 1190:    pthread_mutex_unlock(&mutex_);
        -: 1191:  }
        -: 1192:
        -: 1193:  // Blocks until the controller thread notifies. Must be called from a test
        -: 1194:  // thread.
        -: 1195:  void WaitForNotification() {
        -: 1196:    for (;;) {
        -: 1197:      pthread_mutex_lock(&mutex_);
        -: 1198:      const bool notified = notified_;
        -: 1199:      pthread_mutex_unlock(&mutex_);
        -: 1200:      if (notified)
        -: 1201:        break;
        -: 1202:      SleepMilliseconds(10);
        -: 1203:    }
        -: 1204:  }
        -: 1205:
        -: 1206: private:
        -: 1207:  pthread_mutex_t mutex_;
        -: 1208:  bool notified_;
        -: 1209:
        -: 1210:  GTEST_DISALLOW_COPY_AND_ASSIGN_(Notification);
        -: 1211:};
        -: 1212:
        -: 1213:# elif GTEST_OS_WINDOWS && !GTEST_OS_WINDOWS_PHONE && !GTEST_OS_WINDOWS_RT
        -: 1214:
        -: 1215:GTEST_API_ void SleepMilliseconds(int n);
        -: 1216:
        -: 1217:// Provides leak-safe Windows kernel handle ownership.
        -: 1218:// Used in death tests and in threading support.
        -: 1219:class GTEST_API_ AutoHandle {
        -: 1220: public:
        -: 1221:  // Assume that Win32 HANDLE type is equivalent to void*. Doing so allows us to
        -: 1222:  // avoid including <windows.h> in this header file. Including <windows.h> is
        -: 1223:  // undesirable because it defines a lot of symbols and macros that tend to
        -: 1224:  // conflict with client code. This assumption is verified by
        -: 1225:  // WindowsTypesTest.HANDLEIsVoidStar.
        -: 1226:  typedef void* Handle;
        -: 1227:  AutoHandle();
        -: 1228:  explicit AutoHandle(Handle handle);
        -: 1229:
        -: 1230:  ~AutoHandle();
        -: 1231:
        -: 1232:  Handle Get() const;
        -: 1233:  void Reset();
        -: 1234:  void Reset(Handle handle);
        -: 1235:
        -: 1236: private:
        -: 1237:  // Returns true if and only if the handle is a valid handle object that can be
        -: 1238:  // closed.
        -: 1239:  bool IsCloseable() const;
        -: 1240:
        -: 1241:  Handle handle_;
        -: 1242:
        -: 1243:  GTEST_DISALLOW_COPY_AND_ASSIGN_(AutoHandle);
        -: 1244:};
        -: 1245:
        -: 1246:// Allows a controller thread to pause execution of newly created
        -: 1247:// threads until notified.  Instances of this class must be created
        -: 1248:// and destroyed in the controller thread.
        -: 1249://
        -: 1250:// This class is only for testing Google Test's own constructs. Do not
        -: 1251:// use it in user tests, either directly or indirectly.
        -: 1252:class GTEST_API_ Notification {
        -: 1253: public:
        -: 1254:  Notification();
        -: 1255:  void Notify();
        -: 1256:  void WaitForNotification();
        -: 1257:
        -: 1258: private:
        -: 1259:  AutoHandle event_;
        -: 1260:
        -: 1261:  GTEST_DISALLOW_COPY_AND_ASSIGN_(Notification);
        -: 1262:};
        -: 1263:# endif  // GTEST_HAS_NOTIFICATION_
        -: 1264:
        -: 1265:// On MinGW, we can have both GTEST_OS_WINDOWS and GTEST_HAS_PTHREAD
        -: 1266:// defined, but we don't want to use MinGW's pthreads implementation, which
        -: 1267:// has conformance problems with some versions of the POSIX standard.
        -: 1268:# if GTEST_HAS_PTHREAD && !GTEST_OS_WINDOWS_MINGW
        -: 1269:
        -: 1270:// As a C-function, ThreadFuncWithCLinkage cannot be templated itself.
        -: 1271:// Consequently, it cannot select a correct instantiation of ThreadWithParam
        -: 1272:// in order to call its Run(). Introducing ThreadWithParamBase as a
        -: 1273:// non-templated base class for ThreadWithParam allows us to bypass this
        -: 1274:// problem.
        -: 1275:class ThreadWithParamBase {
        -: 1276: public:
        -: 1277:  virtual ~ThreadWithParamBase() {}
        -: 1278:  virtual void Run() = 0;
        -: 1279:};
        -: 1280:
        -: 1281:// pthread_create() accepts a pointer to a function type with the C linkage.
        -: 1282:// According to the Standard (7.5/1), function types with different linkages
        -: 1283:// are different even if they are otherwise identical.  Some compilers (for
        -: 1284:// example, SunStudio) treat them as different types.  Since class methods
        -: 1285:// cannot be defined with C-linkage we need to define a free C-function to
        -: 1286:// pass into pthread_create().
        -: 1287:extern "C" inline void* ThreadFuncWithCLinkage(void* thread) {
        -: 1288:  static_cast<ThreadWithParamBase*>(thread)->Run();
        -: 1289:  return nullptr;
        -: 1290:}
        -: 1291:
        -: 1292:// Helper class for testing Google Test's multi-threading constructs.
        -: 1293:// To use it, write:
        -: 1294://
        -: 1295://   void ThreadFunc(int param) { /* Do things with param */ }
        -: 1296://   Notification thread_can_start;
        -: 1297://   ...
        -: 1298://   // The thread_can_start parameter is optional; you can supply NULL.
        -: 1299://   ThreadWithParam<int> thread(&ThreadFunc, 5, &thread_can_start);
        -: 1300://   thread_can_start.Notify();
        -: 1301://
        -: 1302:// These classes are only for testing Google Test's own constructs. Do
        -: 1303:// not use them in user tests, either directly or indirectly.
        -: 1304:template <typename T>
        -: 1305:class ThreadWithParam : public ThreadWithParamBase {
        -: 1306: public:
        -: 1307:  typedef void UserThreadFunc(T);
        -: 1308:
        -: 1309:  ThreadWithParam(UserThreadFunc* func, T param, Notification* thread_can_start)
        -: 1310:      : func_(func),
        -: 1311:        param_(param),
        -: 1312:        thread_can_start_(thread_can_start),
        -: 1313:        finished_(false) {
        -: 1314:    ThreadWithParamBase* const base = this;
        -: 1315:    // The thread can be created only after all fields except thread_
        -: 1316:    // have been initialized.
        -: 1317:    GTEST_CHECK_POSIX_SUCCESS_(
        -: 1318:        pthread_create(&thread_, nullptr, &ThreadFuncWithCLinkage, base));
        -: 1319:  }
        -: 1320:  ~ThreadWithParam() override { Join(); }
        -: 1321:
        -: 1322:  void Join() {
        -: 1323:    if (!finished_) {
        -: 1324:      GTEST_CHECK_POSIX_SUCCESS_(pthread_join(thread_, nullptr));
        -: 1325:      finished_ = true;
        -: 1326:    }
        -: 1327:  }
        -: 1328:
        -: 1329:  void Run() override {
        -: 1330:    if (thread_can_start_ != nullptr) thread_can_start_->WaitForNotification();
        -: 1331:    func_(param_);
        -: 1332:  }
        -: 1333:
        -: 1334: private:
        -: 1335:  UserThreadFunc* const func_;  // User-supplied thread function.
        -: 1336:  const T param_;  // User-supplied parameter to the thread function.
        -: 1337:  // When non-NULL, used to block execution until the controller thread
        -: 1338:  // notifies.
        -: 1339:  Notification* const thread_can_start_;
        -: 1340:  bool finished_;  // true if and only if we know that the thread function has
        -: 1341:                   // finished.
        -: 1342:  pthread_t thread_;  // The native thread object.
        -: 1343:
        -: 1344:  GTEST_DISALLOW_COPY_AND_ASSIGN_(ThreadWithParam);
        -: 1345:};
        -: 1346:# endif  // !GTEST_OS_WINDOWS && GTEST_HAS_PTHREAD ||
        -: 1347:         // GTEST_HAS_MUTEX_AND_THREAD_LOCAL_
        -: 1348:
        -: 1349:# if GTEST_HAS_MUTEX_AND_THREAD_LOCAL_
        -: 1350:// Mutex and ThreadLocal have already been imported into the namespace.
        -: 1351:// Nothing to do here.
        -: 1352:
        -: 1353:# elif GTEST_OS_WINDOWS && !GTEST_OS_WINDOWS_PHONE && !GTEST_OS_WINDOWS_RT
        -: 1354:
        -: 1355:// Mutex implements mutex on Windows platforms.  It is used in conjunction
        -: 1356:// with class MutexLock:
        -: 1357://
        -: 1358://   Mutex mutex;
        -: 1359://   ...
        -: 1360://   MutexLock lock(&mutex);  // Acquires the mutex and releases it at the
        -: 1361://                            // end of the current scope.
        -: 1362://
        -: 1363:// A static Mutex *must* be defined or declared using one of the following
        -: 1364:// macros:
        -: 1365://   GTEST_DEFINE_STATIC_MUTEX_(g_some_mutex);
        -: 1366://   GTEST_DECLARE_STATIC_MUTEX_(g_some_mutex);
        -: 1367://
        -: 1368:// (A non-static Mutex is defined/declared in the usual way).
        -: 1369:class GTEST_API_ Mutex {
        -: 1370: public:
        -: 1371:  enum MutexType { kStatic = 0, kDynamic = 1 };
        -: 1372:  // We rely on kStaticMutex being 0 as it is to what the linker initializes
        -: 1373:  // type_ in static mutexes.  critical_section_ will be initialized lazily
        -: 1374:  // in ThreadSafeLazyInit().
        -: 1375:  enum StaticConstructorSelector { kStaticMutex = 0 };
        -: 1376:
        -: 1377:  // This constructor intentionally does nothing.  It relies on type_ being
        -: 1378:  // statically initialized to 0 (effectively setting it to kStatic) and on
        -: 1379:  // ThreadSafeLazyInit() to lazily initialize the rest of the members.
        -: 1380:  explicit Mutex(StaticConstructorSelector /*dummy*/) {}
        -: 1381:
        -: 1382:  Mutex();
        -: 1383:  ~Mutex();
        -: 1384:
        -: 1385:  void Lock();
        -: 1386:
        -: 1387:  void Unlock();
        -: 1388:
        -: 1389:  // Does nothing if the current thread holds the mutex. Otherwise, crashes
        -: 1390:  // with high probability.
        -: 1391:  void AssertHeld();
        -: 1392:
        -: 1393: private:
        -: 1394:  // Initializes owner_thread_id_ and critical_section_ in static mutexes.
        -: 1395:  void ThreadSafeLazyInit();
        -: 1396:
        -: 1397:  // Per https://blogs.msdn.microsoft.com/oldnewthing/20040223-00/?p=40503,
        -: 1398:  // we assume that 0 is an invalid value for thread IDs.
        -: 1399:  unsigned int owner_thread_id_;
        -: 1400:
        -: 1401:  // For static mutexes, we rely on these members being initialized to zeros
        -: 1402:  // by the linker.
        -: 1403:  MutexType type_;
        -: 1404:  long critical_section_init_phase_;  // NOLINT
        -: 1405:  GTEST_CRITICAL_SECTION* critical_section_;
        -: 1406:
        -: 1407:  GTEST_DISALLOW_COPY_AND_ASSIGN_(Mutex);
        -: 1408:};
        -: 1409:
        -: 1410:# define GTEST_DECLARE_STATIC_MUTEX_(mutex) \
        -: 1411:    extern ::testing::internal::Mutex mutex
        -: 1412:
        -: 1413:# define GTEST_DEFINE_STATIC_MUTEX_(mutex) \
        -: 1414:    ::testing::internal::Mutex mutex(::testing::internal::Mutex::kStaticMutex)
        -: 1415:
        -: 1416:// We cannot name this class MutexLock because the ctor declaration would
        -: 1417:// conflict with a macro named MutexLock, which is defined on some
        -: 1418:// platforms. That macro is used as a defensive measure to prevent against
        -: 1419:// inadvertent misuses of MutexLock like "MutexLock(&mu)" rather than
        -: 1420:// "MutexLock l(&mu)".  Hence the typedef trick below.
        -: 1421:class GTestMutexLock {
        -: 1422: public:
        -: 1423:  explicit GTestMutexLock(Mutex* mutex)
        -: 1424:      : mutex_(mutex) { mutex_->Lock(); }
        -: 1425:
        -: 1426:  ~GTestMutexLock() { mutex_->Unlock(); }
        -: 1427:
        -: 1428: private:
        -: 1429:  Mutex* const mutex_;
        -: 1430:
        -: 1431:  GTEST_DISALLOW_COPY_AND_ASSIGN_(GTestMutexLock);
        -: 1432:};
        -: 1433:
        -: 1434:typedef GTestMutexLock MutexLock;
        -: 1435:
        -: 1436:// Base class for ValueHolder<T>.  Allows a caller to hold and delete a value
        -: 1437:// without knowing its type.
        -: 1438:class ThreadLocalValueHolderBase {
        -: 1439: public:
        -: 1440:  virtual ~ThreadLocalValueHolderBase() {}
        -: 1441:};
        -: 1442:
        -: 1443:// Provides a way for a thread to send notifications to a ThreadLocal
        -: 1444:// regardless of its parameter type.
        -: 1445:class ThreadLocalBase {
        -: 1446: public:
        -: 1447:  // Creates a new ValueHolder<T> object holding a default value passed to
        -: 1448:  // this ThreadLocal<T>'s constructor and returns it.  It is the caller's
        -: 1449:  // responsibility not to call this when the ThreadLocal<T> instance already
        -: 1450:  // has a value on the current thread.
        -: 1451:  virtual ThreadLocalValueHolderBase* NewValueForCurrentThread() const = 0;
        -: 1452:
        -: 1453: protected:
        -: 1454:  ThreadLocalBase() {}
        -: 1455:  virtual ~ThreadLocalBase() {}
        -: 1456:
        -: 1457: private:
        -: 1458:  GTEST_DISALLOW_COPY_AND_ASSIGN_(ThreadLocalBase);
        -: 1459:};
        -: 1460:
        -: 1461:// Maps a thread to a set of ThreadLocals that have values instantiated on that
        -: 1462:// thread and notifies them when the thread exits.  A ThreadLocal instance is
        -: 1463:// expected to persist until all threads it has values on have terminated.
        -: 1464:class GTEST_API_ ThreadLocalRegistry {
        -: 1465: public:
        -: 1466:  // Registers thread_local_instance as having value on the current thread.
        -: 1467:  // Returns a value that can be used to identify the thread from other threads.
        -: 1468:  static ThreadLocalValueHolderBase* GetValueOnCurrentThread(
        -: 1469:      const ThreadLocalBase* thread_local_instance);
        -: 1470:
        -: 1471:  // Invoked when a ThreadLocal instance is destroyed.
        -: 1472:  static void OnThreadLocalDestroyed(
        -: 1473:      const ThreadLocalBase* thread_local_instance);
        -: 1474:};
        -: 1475:
        -: 1476:class GTEST_API_ ThreadWithParamBase {
        -: 1477: public:
        -: 1478:  void Join();
        -: 1479:
        -: 1480: protected:
        -: 1481:  class Runnable {
        -: 1482:   public:
        -: 1483:    virtual ~Runnable() {}
        -: 1484:    virtual void Run() = 0;
        -: 1485:  };
        -: 1486:
        -: 1487:  ThreadWithParamBase(Runnable *runnable, Notification* thread_can_start);
        -: 1488:  virtual ~ThreadWithParamBase();
        -: 1489:
        -: 1490: private:
        -: 1491:  AutoHandle thread_;
        -: 1492:};
        -: 1493:
        -: 1494:// Helper class for testing Google Test's multi-threading constructs.
        -: 1495:template <typename T>
        -: 1496:class ThreadWithParam : public ThreadWithParamBase {
        -: 1497: public:
        -: 1498:  typedef void UserThreadFunc(T);
        -: 1499:
        -: 1500:  ThreadWithParam(UserThreadFunc* func, T param, Notification* thread_can_start)
        -: 1501:      : ThreadWithParamBase(new RunnableImpl(func, param), thread_can_start) {
        -: 1502:  }
        -: 1503:  virtual ~ThreadWithParam() {}
        -: 1504:
        -: 1505: private:
        -: 1506:  class RunnableImpl : public Runnable {
        -: 1507:   public:
[...]
        -: 1872:
        -: 1873:typedef GTestMutexLock MutexLock;
        -: 1874:
        -: 1875:template <typename T>
        -: 1876:class GTEST_API_ ThreadLocal {
        -: 1877: public:
        -: 1878:  ThreadLocal() : value_() {}
        -: 1879:  explicit ThreadLocal(const T& value) : value_(value) {}
        -: 1880:  T* pointer() { return &value_; }
        -: 1881:  const T* pointer() const { return &value_; }
        -: 1882:  const T& get() const { return value_; }
        -: 1883:  void set(const T& value) { value_ = value; }
        -: 1884: private:
        -: 1885:  T value_;
        -: 1886:};
        -: 1887:
        -: 1888:#endif  // GTEST_IS_THREADSAFE
        -: 1889:
        -: 1890:// Returns the number of threads running in the process, or 0 to indicate that
        -: 1891:// we cannot detect it.
        -: 1892:GTEST_API_ size_t GetThreadCount();
        -: 1893:
        -: 1894:#if GTEST_OS_WINDOWS
        -: 1895:# define GTEST_PATH_SEP_ "\\"
        -: 1896:# define GTEST_HAS_ALT_PATH_SEP_ 1
        -: 1897:#else
        -: 1898:# define GTEST_PATH_SEP_ "/"
        -: 1899:# define GTEST_HAS_ALT_PATH_SEP_ 0
        -: 1900:#endif  // GTEST_OS_WINDOWS
        -: 1901:
        -: 1902:// Utilities for char.
        -: 1903:
        -: 1904:// isspace(int ch) and friends accept an unsigned char or EOF.  char
        -: 1905:// may be signed, depending on the compiler (or compiler flags).
        -: 1906:// Therefore we need to cast a char to unsigned char before calling
        -: 1907:// isspace(), etc.
        -: 1908:
        -: 1909:inline bool IsAlpha(char ch) {
        -: 1910:  return isalpha(static_cast<unsigned char>(ch)) != 0;
        -: 1911:}
        -: 1912:inline bool IsAlNum(char ch) {
        -: 1913:  return isalnum(static_cast<unsigned char>(ch)) != 0;
        -: 1914:}
        -: 1915:inline bool IsDigit(char ch) {
        -: 1916:  return isdigit(static_cast<unsigned char>(ch)) != 0;
        -: 1917:}
        -: 1918:inline bool IsLower(char ch) {
        -: 1919:  return islower(static_cast<unsigned char>(ch)) != 0;
        -: 1920:}
        -: 1921:inline bool IsSpace(char ch) {
        -: 1922:  return isspace(static_cast<unsigned char>(ch)) != 0;
        -: 1923:}
        -: 1924:inline bool IsUpper(char ch) {
        -: 1925:  return isupper(static_cast<unsigned char>(ch)) != 0;
        -: 1926:}
        -: 1927:inline bool IsXDigit(char ch) {
        -: 1928:  return isxdigit(static_cast<unsigned char>(ch)) != 0;
        -: 1929:}
        -: 1930:inline bool IsXDigit(wchar_t ch) {
        -: 1931:  const unsigned char low_byte = static_cast<unsigned char>(ch);
        -: 1932:  return ch == low_byte && isxdigit(low_byte) != 0;
        -: 1933:}
        -: 1934:
        -: 1935:inline char ToLower(char ch) {
        -: 1936:  return static_cast<char>(tolower(static_cast<unsigned char>(ch)));
        -: 1937:}
        -: 1938:inline char ToUpper(char ch) {
        -: 1939:  return static_cast<char>(toupper(static_cast<unsigned char>(ch)));
        -: 1940:}
        -: 1941:
        -: 1942:inline std::string StripTrailingSpaces(std::string str) {
        -: 1943:  std::string::iterator it = str.end();
        -: 1944:  while (it != str.begin() && IsSpace(*--it))
        -: 1945:    it = str.erase(it);
        -: 1946:  return str;
        -: 1947:}
        -: 1948:
        -: 1949:// The testing::internal::posix namespace holds wrappers for common
        -: 1950:// POSIX functions.  These wrappers hide the differences between
        -: 1951:// Windows/MSVC and POSIX systems.  Since some compilers define these
        -: 1952:// standard functions as macros, the wrapper cannot have the same name
        -: 1953:// as the wrapped function.
        -: 1954:
        -: 1955:namespace posix {
        -: 1956:
        -: 1957:// Functions with a different name on Windows.
        -: 1958:
        -: 1959:#if GTEST_OS_WINDOWS
        -: 1960:
        -: 1961:typedef struct _stat StatStruct;
        -: 1962:
        -: 1963:# ifdef __BORLANDC__
        -: 1964:inline int DoIsATTY(int fd) { return isatty(fd); }
        -: 1965:inline int StrCaseCmp(const char* s1, const char* s2) {
        -: 1966:  return stricmp(s1, s2);
        -: 1967:}
        -: 1968:inline char* StrDup(const char* src) { return strdup(src); }
        -: 1969:# else  // !__BORLANDC__
        -: 1970:#  if GTEST_OS_WINDOWS_MOBILE
        -: 1971:inline int DoIsATTY(int /* fd */) { return 0; }
        -: 1972:#  else
        -: 1973:inline int DoIsATTY(int fd) { return _isatty(fd); }
        -: 1974:#  endif  // GTEST_OS_WINDOWS_MOBILE
        -: 1975:inline int StrCaseCmp(const char* s1, const char* s2) {
        -: 1976:  return _stricmp(s1, s2);
        -: 1977:}
        -: 1978:inline char* StrDup(const char* src) { return _strdup(src); }
        -: 1979:# endif  // __BORLANDC__
        -: 1980:
        -: 1981:# if GTEST_OS_WINDOWS_MOBILE
        -: 1982:inline int FileNo(FILE* file) { return reinterpret_cast<int>(_fileno(file)); }
        -: 1983:// Stat(), RmDir(), and IsDir() are not needed on Windows CE at this
        -: 1984:// time and thus not defined there.
        -: 1985:# else
        -: 1986:inline int FileNo(FILE* file) { return _fileno(file); }
        -: 1987:inline int Stat(const char* path, StatStruct* buf) { return _stat(path, buf); }
        -: 1988:inline int RmDir(const char* dir) { return _rmdir(dir); }
        -: 1989:inline bool IsDir(const StatStruct& st) {
        -: 1990:  return (_S_IFDIR & st.st_mode) != 0;
        -: 1991:}
        -: 1992:# endif  // GTEST_OS_WINDOWS_MOBILE
        -: 1993:
        -: 1994:#elif GTEST_OS_ESP8266
        -: 1995:typedef struct stat StatStruct;
        -: 1996:
        -: 1997:inline int FileNo(FILE* file) { return fileno(file); }
        -: 1998:inline int DoIsATTY(int fd) { return isatty(fd); }
        -: 1999:inline int Stat(const char* path, StatStruct* buf) {
        -: 2000:  // stat function not implemented on ESP8266
        -: 2001:  return 0;
        -: 2002:}
        -: 2003:inline int StrCaseCmp(const char* s1, const char* s2) {
        -: 2004:  return strcasecmp(s1, s2);
        -: 2005:}
        -: 2006:inline char* StrDup(const char* src) { return strdup(src); }
        -: 2007:inline int RmDir(const char* dir) { return rmdir(dir); }
        -: 2008:inline bool IsDir(const StatStruct& st) { return S_ISDIR(st.st_mode); }
        -: 2009:
        -: 2010:#else
        -: 2011:
        -: 2012:typedef struct stat StatStruct;
        -: 2013:
        -: 2014:inline int FileNo(FILE* file) { return fileno(file); }
        -: 2015:inline int DoIsATTY(int fd) { return isatty(fd); }
        -: 2016:inline int Stat(const char* path, StatStruct* buf) { return stat(path, buf); }
        -: 2017:inline int StrCaseCmp(const char* s1, const char* s2) {
        -: 2018:  return strcasecmp(s1, s2);
        -: 2019:}
        -: 2020:inline char* StrDup(const char* src) { return strdup(src); }
        -: 2021:inline int RmDir(const char* dir) { return rmdir(dir); }
        -: 2022:inline bool IsDir(const StatStruct& st) { return S_ISDIR(st.st_mode); }
        -: 2023:
        -: 2024:#endif  // GTEST_OS_WINDOWS
        -: 2025:
        -: 2026:inline int IsATTY(int fd) {
        -: 2027:  // DoIsATTY might change errno (for example ENOTTY in case you redirect stdout
        -: 2028:  // to a file on Linux), which is unexpected, so save the previous value, and
        -: 2029:  // restore it after the call.
        -: 2030:  int savedErrno = errno;
        -: 2031:  int isAttyValue = DoIsATTY(fd);
        -: 2032:  errno = savedErrno;
        -: 2033:
        -: 2034:  return isAttyValue;
        -: 2035:}
        -: 2036:
        -: 2037:// Functions deprecated by MSVC 8.0.
        -: 2038:
        -: 2039:GTEST_DISABLE_MSC_DEPRECATED_PUSH_()
        -: 2040:
        -: 2041:// ChDir(), FReopen(), FDOpen(), Read(), Write(), Close(), and
        -: 2042:// StrError() aren't needed on Windows CE at this time and thus not
        -: 2043:// defined there.
        -: 2044:
        -: 2045:#if !GTEST_OS_WINDOWS_MOBILE && !GTEST_OS_WINDOWS_PHONE && !GTEST_OS_WINDOWS_RT
        -: 2046:inline int ChDir(const char* dir) { return chdir(dir); }
        -: 2047:#endif
        -: 2048:inline FILE* FOpen(const char* path, const char* mode) {
        -: 2049:#if GTEST_OS_WINDOWS
        -: 2050:  struct wchar_codecvt : public std::codecvt<wchar_t, char, std::mbstate_t> {};
        -: 2051:  std::wstring_convert<wchar_codecvt> converter;
        -: 2052:  std::wstring wide_path = converter.from_bytes(path);
        -: 2053:  std::wstring wide_mode = converter.from_bytes(mode);
        -: 2054:  return _wfopen(wide_path.c_str(), wide_mode.c_str());
        -: 2055:#else
        -: 2056:  return fopen(path, mode);
        -: 2057:#endif  // GTEST_OS_WINDOWS
        -: 2058:}
        -: 2059:#if !GTEST_OS_WINDOWS_MOBILE
        -: 2060:inline FILE *FReopen(const char* path, const char* mode, FILE* stream) {
        -: 2061:  return freopen(path, mode, stream);
        -: 2062:}
        -: 2063:inline FILE* FDOpen(int fd, const char* mode) { return fdopen(fd, mode); }
        -: 2064:#endif
        -: 2065:inline int FClose(FILE* fp) { return fclose(fp); }
        -: 2066:#if !GTEST_OS_WINDOWS_MOBILE
        -: 2067:inline int Read(int fd, void* buf, unsigned int count) {
        -: 2068:  return static_cast<int>(read(fd, buf, count));
        -: 2069:}
        -: 2070:inline int Write(int fd, const void* buf, unsigned int count) {
        -: 2071:  return static_cast<int>(write(fd, buf, count));
        -: 2072:}
        -: 2073:inline int Close(int fd) { return close(fd); }
        -: 2074:inline const char* StrError(int errnum) { return strerror(errnum); }
        -: 2075:#endif
        -: 2076:inline const char* GetEnv(const char* name) {
        -: 2077:#if GTEST_OS_WINDOWS_MOBILE || GTEST_OS_WINDOWS_PHONE || \
        -: 2078:    GTEST_OS_WINDOWS_RT || GTEST_OS_ESP8266
        -: 2079:  // We are on an embedded platform, which has no environment variables.
        -: 2080:  static_cast<void>(name);  // To prevent 'unused argument' warning.
        -: 2081:  return nullptr;
        -: 2082:#elif defined(__BORLANDC__) || defined(__SunOS_5_8) || defined(__SunOS_5_9)
        -: 2083:  // Environment variables which we programmatically clear will be set to the
        -: 2084:  // empty string rather than unset (NULL).  Handle that case.
        -: 2085:  const char* const env = getenv(name);
        -: 2086:  return (env != nullptr && env[0] != '\0') ? env : nullptr;
        -: 2087:#else
        -: 2088:  return getenv(name);
        -: 2089:#endif
        -: 2090:}
        -: 2091:
        -: 2092:GTEST_DISABLE_MSC_DEPRECATED_POP_()
        -: 2093:
        -: 2094:#if GTEST_OS_WINDOWS_MOBILE
        -: 2095:// Windows CE has no C library. The abort() function is used in
        -: 2096:// several places in Google Test. This implementation provides a reasonable
        -: 2097:// imitation of standard behaviour.
        -: 2098:[[noreturn]] void Abort();
        -: 2099:#else
        -: 2100:[[noreturn]] inline void Abort() { abort(); }
        -: 2101:#endif  // GTEST_OS_WINDOWS_MOBILE
        -: 2102:
        -: 2103:}  // namespace posix
        -: 2104:
        -: 2105:// MSVC "deprecates" snprintf and issues warnings wherever it is used.  In
        -: 2106:// order to avoid these warnings, we need to use _snprintf or _snprintf_s on
        -: 2107:// MSVC-based platforms.  We map the GTEST_SNPRINTF_ macro to the appropriate
        -: 2108:// function in order to achieve that.  We use macro definition here because
        -: 2109:// snprintf is a variadic function.
        -: 2110:#if _MSC_VER && !GTEST_OS_WINDOWS_MOBILE
        -: 2111:// MSVC 2005 and above support variadic macros.
        -: 2112:# define GTEST_SNPRINTF_(buffer, size, format, ...) \
        -: 2113:     _snprintf_s(buffer, size, size, format, __VA_ARGS__)
        -: 2114:#elif defined(_MSC_VER)
        -: 2115:// Windows CE does not define _snprintf_s
        -: 2116:# define GTEST_SNPRINTF_ _snprintf
        -: 2117:#else
        -: 2118:# define GTEST_SNPRINTF_ snprintf
        -: 2119:#endif
        -: 2120:
        -: 2121:// The biggest signed integer type the compiler supports.
        -: 2122://
        -: 2123:// long long is guaranteed to be at least 64-bits in C++11.
        -: 2124:using BiggestInt = long long;  // NOLINT
        -: 2125:
        -: 2126:// The maximum number a BiggestInt can represent.
        -: 2127:constexpr BiggestInt kMaxBiggestInt = (std::numeric_limits<BiggestInt>::max)();
        -: 2128:
        -: 2129:// This template class serves as a compile-time function from size to
        -: 2130:// type.  It maps a size in bytes to a primitive type with that
        -: 2131:// size. e.g.
        -: 2132://
        -: 2133://   TypeWithSize<4>::UInt
        -: 2134://
        -: 2135:// is typedef-ed to be unsigned int (unsigned integer made up of 4
        -: 2136:// bytes).
        -: 2137://
        -: 2138:// Such functionality should belong to STL, but I cannot find it
        -: 2139:// there.
        -: 2140://
        -: 2141:// Google Test uses this class in the implementation of floating-point
        -: 2142:// comparison.
        -: 2143://
        -: 2144:// For now it only handles UInt (unsigned int) as that's all Google Test
        -: 2145:// needs.  Other types can be easily added in the future if need
        -: 2146:// arises.
        -: 2147:template <size_t size>
        -: 2148:class TypeWithSize {
        -: 2149: public:
        -: 2150:  // This prevents the user from using TypeWithSize<N> with incorrect
        -: 2151:  // values of N.
        -: 2152:  using UInt = void;
        -: 2153:};
        -: 2154:
        -: 2155:// The specialization for size 4.
        -: 2156:template <>
        -: 2157:class TypeWithSize<4> {
        -: 2158: public:
        -: 2159:  using Int = std::int32_t;
        -: 2160:  using UInt = std::uint32_t;
        -: 2161:};
        -: 2162:
        -: 2163:// The specialization for size 8.
        -: 2164:template <>
        -: 2165:class TypeWithSize<8> {
        -: 2166: public:
        -: 2167:  using Int = std::int64_t;
        -: 2168:  using UInt = std::uint64_t;
        -: 2169:};
        -: 2170:
        -: 2171:// Integer types of known sizes.
        -: 2172:using TimeInMillis = int64_t;  // Represents time in milliseconds.
        -: 2173:
        -: 2174:// Utilities for command line flags and environment variables.
        -: 2175:
        -: 2176:// Macro for referencing flags.
        -: 2177:#if !defined(GTEST_FLAG)
        -: 2178:# define GTEST_FLAG(name) FLAGS_gtest_##name
        -: 2179:#endif  // !defined(GTEST_FLAG)
        -: 2180:
        -: 2181:#if !defined(GTEST_USE_OWN_FLAGFILE_FLAG_)
        -: 2182:# define GTEST_USE_OWN_FLAGFILE_FLAG_ 1
        -: 2183:#endif  // !defined(GTEST_USE_OWN_FLAGFILE_FLAG_)
        -: 2184:
        -: 2185:#if !defined(GTEST_DECLARE_bool_)
        -: 2186:# define GTEST_FLAG_SAVER_ ::testing::internal::GTestFlagSaver
        -: 2187:
        -: 2188:// Macros for declaring flags.
        -: 2189:# define GTEST_DECLARE_bool_(name) GTEST_API_ extern bool GTEST_FLAG(name)
        -: 2190:# define GTEST_DECLARE_int32_(name) \
        -: 2191:    GTEST_API_ extern std::int32_t GTEST_FLAG(name)
        -: 2192:# define GTEST_DECLARE_string_(name) \
        -: 2193:    GTEST_API_ extern ::std::string GTEST_FLAG(name)
        -: 2194:
        -: 2195:// Macros for defining flags.
        -: 2196:# define GTEST_DEFINE_bool_(name, default_val, doc) \
        -: 2197:    GTEST_API_ bool GTEST_FLAG(name) = (default_val)
        -: 2198:# define GTEST_DEFINE_int32_(name, default_val, doc) \
        -: 2199:    GTEST_API_ std::int32_t GTEST_FLAG(name) = (default_val)
        -: 2200:# define GTEST_DEFINE_string_(name, default_val, doc) \
        -: 2201:    GTEST_API_ ::std::string GTEST_FLAG(name) = (default_val)
        -: 2202:
        -: 2203:#endif  // !defined(GTEST_DECLARE_bool_)
        -: 2204:
        -: 2205:// Thread annotations
        -: 2206:#if !defined(GTEST_EXCLUSIVE_LOCK_REQUIRED_)
        -: 2207:# define GTEST_EXCLUSIVE_LOCK_REQUIRED_(locks)
        -: 2208:# define GTEST_LOCK_EXCLUDED_(locks)
        -: 2209:#endif  // !defined(GTEST_EXCLUSIVE_LOCK_REQUIRED_)
        -: 2210:
        -: 2211:// Parses 'str' for a 32-bit signed integer.  If successful, writes the result
        -: 2212:// to *value and returns true; otherwise leaves *value unchanged and returns
        -: 2213:// false.
        -: 2214:bool ParseInt32(const Message& src_text, const char* str, int32_t* value);
        -: 2215:
        -: 2216:// Parses a bool/int32_t/string from the environment variable
        -: 2217:// corresponding to the given Google Test flag.
        -: 2218:bool BoolFromGTestEnv(const char* flag, bool default_val);
        -: 2219:GTEST_API_ int32_t Int32FromGTestEnv(const char* flag, int32_t default_val);
        -: 2220:std::string OutputFlagAlsoCheckEnvVar();
        -: 2221:const char* StringFromGTestEnv(const char* flag, const char* default_val);
        -: 2222:
        -: 2223:}  // namespace internal
        -: 2224:}  // namespace testing
        -: 2225:
        -: 2226:#if !defined(GTEST_INTERNAL_DEPRECATED)
        -: 2227:
        -: 2228:// Internal Macro to mark an API deprecated, for googletest usage only
        -: 2229:// Usage: class GTEST_INTERNAL_DEPRECATED(message) MyClass or
        -: 2230:// GTEST_INTERNAL_DEPRECATED(message) <return_type> myFunction(); Every usage of
        -: 2231:// a deprecated entity will trigger a warning when compiled with
        -: 2232:// `-Wdeprecated-declarations` option (clang, gcc, any __GNUC__ compiler).
        -: 2233:// For msvc /W3 option will need to be used
        -: 2234:// Note that for 'other' compilers this macro evaluates to nothing to prevent
        -: 2235:// compilations errors.
        -: 2236:#if defined(_MSC_VER)
        -: 2237:#define GTEST_INTERNAL_DEPRECATED(message) __declspec(deprecated(message))
        -: 2238:#elif defined(__GNUC__)
        -: 2239:#define GTEST_INTERNAL_DEPRECATED(message) __attribute__((deprecated(message)))
        -: 2240:#else
        -: 2241:#define GTEST_INTERNAL_DEPRECATED(message)
        -: 2242:#endif
        -: 2243:
        -: 2244:#endif  // !defined(GTEST_INTERNAL_DEPRECATED)
        -: 2245:
        -: 2246:#if GTEST_HAS_ABSL
        -: 2247:// Always use absl::string_view for Matcher<> specializations if googletest
        -: 2248:// is built with absl support.
        -: 2249:# define GTEST_INTERNAL_HAS_STRING_VIEW 1
        -: 2250:#include "absl/strings/string_view.h"
        -: 2251:namespace testing {
        -: 2252:namespace internal {
        -: 2253:using StringView = ::absl::string_view;
        -: 2254:}  // namespace internal
        -: 2255:}  // namespace testing
        -: 2256:#else
        -: 2257:# ifdef __has_include
        -: 2258:#   if __has_include(<string_view>) && __cplusplus >= 201703L
        -: 2259:// Otherwise for C++17 and higher use std::string_view for Matcher<>
        -: 2260:// specializations.
        -: 2261:#   define GTEST_INTERNAL_HAS_STRING_VIEW 1
        -: 2262:#include <string_view>
        -: 2263:namespace testing {
        -: 2264:namespace internal {
        -: 2265:using StringView = ::std::string_view;
        -: 2266:}  // namespace internal
        -: 2267:}  // namespace testing
        -: 2268:// The case where absl is configured NOT to alias std::string_view is not
        -: 2269:// supported.
        -: 2270:#  endif  // __has_include(<string_view>) && __cplusplus >= 201703L
        -: 2271:# endif  // __has_include
        -: 2272:#endif  // GTEST_HAS_ABSL
        -: 2273:
        -: 2274:#endif  // GTEST_INCLUDE_GTEST_INTERNAL_GTEST_PORT_H_
